#
# A fatal error has been detected by the Java Runtime Environment:
#
#  EXCEPTION_ACCESS_VIOLATION (0xc0000005) at pc=0x00000001800038e0, pid=5580, tid=0x00000000000036c4
#
# JRE version: Java(TM) SE Runtime Environment (8.0_144-b01) (build 1.8.0_144-b01)
# Java VM: Java HotSpot(TM) 64-Bit Server VM (25.144-b01 mixed mode windows-amd64 compressed oops)
# Problematic frame:
# C  0x00000001800038e0
#
# Failed to write core dump. Minidumps are not enabled by default on client versions of Windows
#
# If you would like to submit a bug report, please visit:
#   http://bugreport.java.com/bugreport/crash.jsp
# The crash happened outside the Java Virtual Machine in native code.
# See problematic frame for where to report the bug.
#

---------------  T H R E A D  ---------------

Current thread (0x000000001752a800):  JavaThread "Finalizer" daemon [_thread_in_native, id=14020, stack(0x00000000187b0000,0x00000000188b0000)]

siginfo: ExceptionCode=0xc0000005, ExceptionInformation=0x0000000000000008 0x00000001800038e0

Registers:
RAX=0x00000001800038e0, RBX=0x000000002024b898, RCX=0x000000001752a9f8, RDX=0x00000000188aefa8
RSP=0x00000000188aef18, RBP=0x00000000188aef98, RSI=0x00000000e7818578, RDI=0x0000000081ed9408
R8 =0x000000001e0e1510, R9 =0x00000000e782dcc8, R10=0x0000000002a30fe0, R11=0x000000005265bc50
R12=0x0000000000000000, R13=0x000000002024b898, R14=0x00000000188aefc0, R15=0x000000001752a800
RIP=0x00000001800038e0, EFLAGS=0x0000000000010206

Top of Stack: (sp=0x00000000188aef18)
0x00000000188aef18:   0000000002a3100c 000000001752ad88
0x00000000188aef28:   000000001752ad88 0000000000000000
0x00000000188aef38:   0000000002a31850 00000000e782dcc8
0x00000000188aef48:   0000000000000009 0000000000000000
0x00000000188aef58:   00000000188aef58 0000000000000000
0x00000000188aef68:   00000000188aefc0 000000002024baa0
0x00000000188aef78:   0000000000000000 000000002024b898
0x00000000188aef88:   0000000000000000 00000000188aefb8
0x00000000188aef98:   00000000188af008 0000000002a183fd
0x00000000188aefa8:   00000000e6c48840 0000000002a271b8
0x00000000188aefb8:   000000001e0e1510 0000000100006598
0x00000000188aefc8:   00000000188aefc8 0000000020249905
0x00000000188aefd8:   00000000188af018 000000002024baa0
0x00000000188aefe8:   0000000000000000 0000000020249928
0x00000000188aeff8:   00000000188aefb8 00000000188af020
0x00000000188af008:   00000000188af140 0000000002c5a3a4 

Instructions: (pc=0x00000001800038e0)
0x00000001800038c0:   
[error occurred during error reporting (printing registers, top of stack, instructions near pc), id 0xc0000005]

Register to memory mapping:

RAX=0x00000001800038e0 is an unknown value
RBX={method} {0x000000002024b8a0} 'free' '(J)V' in 'com/sun/jna/Memory'
RCX=0x000000001752a9f8 is an unknown value
RDX=0x00000000188aefa8 is pointing into the stack for thread: 0x000000001752a800
RSP=0x00000000188aef18 is pointing into the stack for thread: 0x000000001752a800
RBP=0x00000000188aef98 is pointing into the stack for thread: 0x000000001752a800
RSI=0x00000000e7818578 is an oop
com.sun.jna.Memory 
 - klass: 'com/sun/jna/Memory'
RDI=0x0000000081ed9408 is an oop
java.lang.System$2 
 - klass: 'java/lang/System$2'
R8 =0x000000001e0e1510 is an unknown value
R9 =0x00000000e782dcc8 is an oop
java.lang.Object 
 - klass: 'java/lang/Object'
R10=0x0000000002a30fe0 is at code_begin+1632 in an Interpreter codelet
method entry point (kind = native)  [0x0000000002a30980, 0x0000000002a319a0]  4128 bytes
R11=0x000000005265bc50 is an unknown value
R12=0x0000000000000000 is an unknown value
R13={method} {0x000000002024b8a0} 'free' '(J)V' in 'com/sun/jna/Memory'
R14=0x00000000188aefc0 is pointing into the stack for thread: 0x000000001752a800
R15=0x000000001752a800 is a thread


Stack: [0x00000000187b0000,0x00000000188b0000],  sp=0x00000000188aef18,  free space=1019k
Native frames: (J=compiled Java code, j=interpreted, Vv=VM code, C=native code)
C  0x00000001800038e0

Java frames: (J=compiled Java code, j=interpreted, Vv=VM code)
j  com.sun.jna.Memory.free(J)V+0
j  com.sun.jna.Memory.finalize()V+13
J 763 C1 java.lang.ref.Finalizer.runFinalizer(Lsun/misc/JavaLangAccess;)V (62 bytes) @ 0x0000000002c5a3a4 [0x0000000002c5a1a0+0x204]
J 762 C1 java.lang.ref.Finalizer.access$100(Ljava/lang/ref/Finalizer;Lsun/misc/JavaLangAccess;)V (6 bytes) @ 0x0000000002c59e4c [0x0000000002c59e20+0x2c]
j  java.lang.ref.Finalizer$FinalizerThread.run()V+45
v  ~StubRoutines::call_stub

---------------  P R O C E S S  ---------------

Java Threads: ( => current thread )
  0x000000001ab09000 JavaThread "SIGINT handler" daemon [_thread_blocked, id=9040, stack(0x00000000006e0000,0x00000000007e0000)]
  0x000000001ac70800 JavaThread "nioEventLoopGroup-2-1" [_thread_in_native, id=2648, stack(0x0000000024220000,0x0000000024320000)]
  0x000000001ac70000 JavaThread "ObjectCleanerThread" daemon [_thread_blocked, id=7496, stack(0x0000000024120000,0x0000000024220000)]
  0x000000001ac71800 JavaThread "DestroyJavaVM" [_thread_blocked, id=13852, stack(0x0000000002600000,0x0000000002700000)]
  0x000000001ac6f000 JavaThread "Thread-26" [_thread_blocked, id=17236, stack(0x0000000023d20000,0x0000000023e20000)]
  0x000000001ac72000 JavaThread "ReconcileService" [_thread_blocked, id=4984, stack(0x0000000023c20000,0x0000000023d20000)]
  0x000000001ac69000 JavaThread "ReconcileService" [_thread_blocked, id=9432, stack(0x0000000023820000,0x0000000023920000)]
  0x000000001a7fd800 JavaThread "mysql-cj-abandoned-connection-cleanup" daemon [_thread_blocked, id=17860, stack(0x000000001f150000,0x000000001f250000)]
  0x000000001a6ab000 JavaThread "RMI Scheduler(0)" daemon [_thread_blocked, id=18152, stack(0x000000001ba30000,0x000000001bb30000)]
  0x0000000019625000 JavaThread "RMI TCP Accept-0" daemon [_thread_in_native, id=14408, stack(0x0000000019db0000,0x0000000019eb0000)]
  0x00000000193c3000 JavaThread "Service Thread" daemon [_thread_blocked, id=7364, stack(0x0000000019cb0000,0x0000000019db0000)]
  0x000000001933b800 JavaThread "C1 CompilerThread2" daemon [_thread_blocked, id=7672, stack(0x0000000019bb0000,0x0000000019cb0000)]
  0x0000000019336000 JavaThread "C2 CompilerThread1" daemon [_thread_blocked, id=17908, stack(0x0000000019ab0000,0x0000000019bb0000)]
  0x0000000019335800 JavaThread "C2 CompilerThread0" daemon [_thread_blocked, id=19388, stack(0x00000000199b0000,0x0000000019ab0000)]
  0x000000001757a800 JavaThread "JDWP Event Helper Thread" daemon [_thread_blocked, id=3732, stack(0x0000000018fb0000,0x00000000190b0000)]
  0x0000000017554000 JavaThread "Attach Listener" daemon [_thread_blocked, id=16544, stack(0x0000000018db0000,0x0000000018eb0000)]
  0x00000000188f3800 JavaThread "Signal Dispatcher" daemon [_thread_blocked, id=7676, stack(0x0000000018cb0000,0x0000000018db0000)]
=>0x000000001752a800 JavaThread "Finalizer" daemon [_thread_in_native, id=14020, stack(0x00000000187b0000,0x00000000188b0000)]
  0x0000000002847000 JavaThread "Reference Handler" daemon [_thread_blocked, id=10348, stack(0x00000000186b0000,0x00000000187b0000)]

Other Threads:
  0x0000000017507000 VMThread [stack: 0x00000000185b0000,0x00000000186b0000] [id=8188]
  0x0000000019643000 WatcherThread [stack: 0x0000000019eb0000,0x0000000019fb0000] [id=15996]

VM state:not at safepoint (normal execution)

VM Mutex/Monitor currently owned by a thread: None

Heap:
 PSYoungGen      total 263680K, used 20192K [0x00000000d5f00000, 0x00000000e7900000, 0x0000000100000000)
  eden space 247296K, 1% used [0x00000000d5f00000,0x00000000d62be0d0,0x00000000e5080000)
  from space 16384K, 99% used [0x00000000e6900000,0x00000000e78fa058,0x00000000e7900000)
  to   space 18944K, 0% used [0x00000000e5400000,0x00000000e5400000,0x00000000e6680000)
 ParOldGen       total 83456K, used 22450K [0x0000000081c00000, 0x0000000086d80000, 0x00000000d5f00000)
  object space 83456K, 26% used [0x0000000081c00000,0x00000000831ec840,0x0000000086d80000)
 Metaspace       used 53965K, capacity 56156K, committed 56448K, reserved 1097728K
  class space    used 7050K, capacity 7482K, committed 7552K, reserved 1048576K

Card table byte_map: [0x0000000011dd0000,0x00000000121d0000] byte_map_base: 0x00000000119c2000

Marking Bits: (ParMarkBitMap*) 0x0000000052c4d850
 Begin Bits: [0x0000000012880000, 0x0000000014810000)
 End Bits:   [0x0000000014810000, 0x00000000167a0000)

Polling page: 0x0000000000960000

CodeCache: size=245760Kb used=11728Kb max_used=11728Kb free=234031Kb
 bounds [0x0000000002a10000, 0x0000000003590000, 0x0000000011a10000]
 total_blobs=6231 nmethods=5653 adapters=498
 compilation: enabled

Compilation events (10 events):
Event: 145.896 Thread 0x000000001933b800 5747       1       org.springframework.beans.factory.support.DefaultSingletonBeanRegistry::getSingletonMutex (5 bytes)
Event: 145.896 Thread 0x000000001933b800 nmethod 5747 0x0000000003583610 code [0x0000000003583760, 0x0000000003583870]
Event: 146.288 Thread 0x000000001933b800 5749       1       org.apache.catalina.util.LifecycleBase::fireLifecycleEvent (56 bytes)
Event: 146.289 Thread 0x000000001933b800 nmethod 5749 0x00000000035838d0 code [0x0000000003583a80, 0x0000000003583e28]
Event: 146.289 Thread 0x000000001933b800 5750       1       org.apache.catalina.LifecycleEvent::<init> (16 bytes)
Event: 146.289 Thread 0x000000001933b800 nmethod 5750 0x0000000003584110 code [0x0000000003584280, 0x00000000035844a8]
Event: 146.289 Thread 0x000000001933b800 5751       1       java.util.concurrent.ConcurrentHashMap$KeyIterator::next (34 bytes)
Event: 146.289 Thread 0x000000001933b800 nmethod 5751 0x00000000035845d0 code [0x0000000003584740, 0x0000000003584978]
Event: 146.291 Thread 0x000000001933b800 5752       1       org.apache.catalina.valves.ValveBase::getNext (5 bytes)
Event: 146.291 Thread 0x000000001933b800 nmethod 5752 0x0000000003584ad0 code [0x0000000003584c20, 0x0000000003584d30]

GC Heap History (10 events):
Event: 3.558 GC heap before
{Heap before GC invocations=8 (full 1):
 PSYoungGen      total 121856K, used 121613K [0x00000000d5f00000, 0x00000000dee80000, 0x0000000100000000)
  eden space 116736K, 100% used [0x00000000d5f00000,0x00000000dd100000,0x00000000dd100000)
  from space 5120K, 95% used [0x00000000de980000,0x00000000dee43780,0x00000000dee80000)
  to   space 8704K, 0% used [0x00000000ddd80000,0x00000000ddd80000,0x00000000de600000)
 ParOldGen       total 50688K, used 6316K [0x0000000081c00000, 0x0000000084d80000, 0x00000000d5f00000)
  object space 50688K, 12% used [0x0000000081c00000,0x000000008222b150,0x0000000084d80000)
 Metaspace       used 28511K, capacity 29546K, committed 29696K, reserved 1075200K
  class space    used 3746K, capacity 3979K, committed 4096K, reserved 1048576K
Event: 3.566 GC heap after
Heap after GC invocations=8 (full 1):
 PSYoungGen      total 138240K, used 8677K [0x00000000d5f00000, 0x00000000e3680000, 0x0000000100000000)
  eden space 129536K, 0% used [0x00000000d5f00000,0x00000000d5f00000,0x00000000ddd80000)
  from space 8704K, 99% used [0x00000000ddd80000,0x00000000de5f9770,0x00000000de600000)
  to   space 10752K, 0% used [0x00000000e2c00000,0x00000000e2c00000,0x00000000e3680000)
 ParOldGen       total 50688K, used 8616K [0x0000000081c00000, 0x0000000084d80000, 0x00000000d5f00000)
  object space 50688K, 16% used [0x0000000081c00000,0x000000008246a088,0x0000000084d80000)
 Metaspace       used 28511K, capacity 29546K, committed 29696K, reserved 1075200K
  class space    used 3746K, capacity 3979K, committed 4096K, reserved 1048576K
}
Event: 4.688 GC heap before
{Heap before GC invocations=9 (full 1):
 PSYoungGen      total 138240K, used 107178K [0x00000000d5f00000, 0x00000000e3680000, 0x0000000100000000)
  eden space 129536K, 76% used [0x00000000d5f00000,0x00000000dbf31358,0x00000000ddd80000)
  from space 8704K, 99% used [0x00000000ddd80000,0x00000000de5f9770,0x00000000de600000)
  to   space 10752K, 0% used [0x00000000e2c00000,0x00000000e2c00000,0x00000000e3680000)
 ParOldGen       total 50688K, used 8616K [0x0000000081c00000, 0x0000000084d80000, 0x00000000d5f00000)
  object space 50688K, 16% used [0x0000000081c00000,0x000000008246a088,0x0000000084d80000)
 Metaspace       used 33900K, capacity 35342K, committed 35456K, reserved 1079296K
  class space    used 4404K, capacity 4679K, committed 4736K, reserved 1048576K
Event: 4.700 GC heap after
Heap after GC invocations=9 (full 1):
 PSYoungGen      total 206848K, used 10744K [0x00000000d5f00000, 0x00000000e4d00000, 0x0000000100000000)
  eden space 196096K, 0% used [0x00000000d5f00000,0x00000000d5f00000,0x00000000e1e80000)
  from space 10752K, 99% used [0x00000000e2c00000,0x00000000e367e270,0x00000000e3680000)
  to   space 13824K, 0% used [0x00000000e1e80000,0x00000000e1e80000,0x00000000e2c00000)
 ParOldGen       total 50688K, used 12409K [0x0000000081c00000, 0x0000000084d80000, 0x00000000d5f00000)
  object space 50688K, 24% used [0x0000000081c00000,0x000000008281e400,0x0000000084d80000)
 Metaspace       used 33900K, capacity 35342K, committed 35456K, reserved 1079296K
  class space    used 4404K, capacity 4679K, committed 4736K, reserved 1048576K
}
Event: 4.700 GC heap before
{Heap before GC invocations=10 (full 2):
 PSYoungGen      total 206848K, used 10744K [0x00000000d5f00000, 0x00000000e4d00000, 0x0000000100000000)
  eden space 196096K, 0% used [0x00000000d5f00000,0x00000000d5f00000,0x00000000e1e80000)
  from space 10752K, 99% used [0x00000000e2c00000,0x00000000e367e270,0x00000000e3680000)
  to   space 13824K, 0% used [0x00000000e1e80000,0x00000000e1e80000,0x00000000e2c00000)
 ParOldGen       total 50688K, used 12409K [0x0000000081c00000, 0x0000000084d80000, 0x00000000d5f00000)
  object space 50688K, 24% used [0x0000000081c00000,0x000000008281e400,0x0000000084d80000)
 Metaspace       used 33900K, capacity 35342K, committed 35456K, reserved 1079296K
  class space    used 4404K, capacity 4679K, committed 4736K, reserved 1048576K
Event: 4.767 GC heap after
Heap after GC invocations=10 (full 2):
 PSYoungGen      total 206848K, used 0K [0x00000000d5f00000, 0x00000000e4d00000, 0x0000000100000000)
  eden space 196096K, 0% used [0x00000000d5f00000,0x00000000d5f00000,0x00000000e1e80000)
  from space 10752K, 0% used [0x00000000e2c00000,0x00000000e2c00000,0x00000000e3680000)
  to   space 13824K, 0% used [0x00000000e1e80000,0x00000000e1e80000,0x00000000e2c00000)
 ParOldGen       total 83456K, used 19553K [0x0000000081c00000, 0x0000000086d80000, 0x00000000d5f00000)
  object space 83456K, 23% used [0x0000000081c00000,0x0000000082f18498,0x0000000086d80000)
 Metaspace       used 33900K, capacity 35342K, committed 35456K, reserved 1079296K
  class space    used 4404K, capacity 4679K, committed 4736K, reserved 1048576K
}
Event: 7.555 GC heap before
{Heap before GC invocations=11 (full 2):
 PSYoungGen      total 206848K, used 196096K [0x00000000d5f00000, 0x00000000e4d00000, 0x0000000100000000)
  eden space 196096K, 100% used [0x00000000d5f00000,0x00000000e1e80000,0x00000000e1e80000)
  from space 10752K, 0% used [0x00000000e2c00000,0x00000000e2c00000,0x00000000e3680000)
  to   space 13824K, 0% used [0x00000000e1e80000,0x00000000e1e80000,0x00000000e2c00000)
 ParOldGen       total 83456K, used 19553K [0x0000000081c00000, 0x0000000086d80000, 0x00000000d5f00000)
  object space 83456K, 23% used [0x0000000081c00000,0x0000000082f18498,0x0000000086d80000)
 Metaspace       used 46337K, capacity 48488K, committed 48768K, reserved 1091584K
  class space    used 6055K, capacity 6439K, committed 6528K, reserved 1048576K
Event: 7.575 GC heap after
Heap after GC invocations=11 (full 2):
 PSYoungGen      total 209920K, used 13794K [0x00000000d5f00000, 0x00000000e7900000, 0x0000000100000000)
  eden space 196096K, 0% used [0x00000000d5f00000,0x00000000d5f00000,0x00000000e1e80000)
  from space 13824K, 99% used [0x00000000e1e80000,0x00000000e2bf8808,0x00000000e2c00000)
  to   space 16384K, 0% used [0x00000000e6900000,0x00000000e6900000,0x00000000e7900000)
 ParOldGen       total 83456K, used 21555K [0x0000000081c00000, 0x0000000086d80000, 0x00000000d5f00000)
  object space 83456K, 25% used [0x0000000081c00000,0x000000008310ce18,0x0000000086d80000)
 Metaspace       used 46337K, capacity 48488K, committed 48768K, reserved 1091584K
  class space    used 6055K, capacity 6439K, committed 6528K, reserved 1048576K
}
Event: 146.293 GC heap before
{Heap before GC invocations=12 (full 2):
 PSYoungGen      total 209920K, used 209890K [0x00000000d5f00000, 0x00000000e7900000, 0x0000000100000000)
  eden space 196096K, 100% used [0x00000000d5f00000,0x00000000e1e80000,0x00000000e1e80000)
  from space 13824K, 99% used [0x00000000e1e80000,0x00000000e2bf8808,0x00000000e2c00000)
  to   space 16384K, 0% used [0x00000000e6900000,0x00000000e6900000,0x00000000e7900000)
 ParOldGen       total 83456K, used 21555K [0x0000000081c00000, 0x0000000086d80000, 0x00000000d5f00000)
  object space 83456K, 25% used [0x0000000081c00000,0x000000008310ce18,0x0000000086d80000)
 Metaspace       used 53964K, capacity 56156K, committed 56448K, reserved 1097728K
  class space    used 7050K, capacity 7482K, committed 7552K, reserved 1048576K
Event: 146.310 GC heap after
Heap after GC invocations=12 (full 2):
 PSYoungGen      total 263680K, used 16360K [0x00000000d5f00000, 0x00000000e7900000, 0x0000000100000000)
  eden space 247296K, 0% used [0x00000000d5f00000,0x00000000d5f00000,0x00000000e5080000)
  from space 16384K, 99% used [0x00000000e6900000,0x00000000e78fa058,0x00000000e7900000)
  to   space 18944K, 0% used [0x00000000e5400000,0x00000000e5400000,0x00000000e6680000)
 ParOldGen       total 83456K, used 22450K [0x0000000081c00000, 0x0000000086d80000, 0x00000000d5f00000)
  object space 83456K, 26% used [0x0000000081c00000,0x00000000831ec840,0x0000000086d80000)
 Metaspace       used 53964K, capacity 56156K, committed 56448K, reserved 1097728K
  class space    used 7050K, capacity 7482K, committed 7552K, reserved 1048576K
}

Deoptimization events (0 events):
No events

Internal exceptions (10 events):
Event: 14.485 Thread 0x000000001ac73000 Exception <a 'java/lang/ArrayIndexOutOfBoundsException'> (0x00000000dafa42f8) thrown at [C:\re\workspace\8-2-build-windows-amd64-cygwin\jdk8u144\9417\hotspot\src\share\vm\runtime\sharedRuntime.cpp, line 605]
Event: 14.485 Thread 0x000000001ac68000 Exception <a 'java/lang/ClassNotFoundException': java/lang/ObjectCustomizer> (0x00000000d8cf6f68) thrown at [C:\re\workspace\8-2-build-windows-amd64-cygwin\jdk8u144\9417\hotspot\src\share\vm\classfile\systemDictionary.cpp, line 210]
Event: 14.486 Thread 0x000000001ac73000 Exception <a 'java/lang/ClassNotFoundException': com/dangdang/ddframe/job/lite/internal/schedule/LiteJobCustomizer> (0x00000000dafc42b0) thrown at [C:\re\workspace\8-2-build-windows-amd64-cygwin\jdk8u144\9417\hotspot\src\share\vm\classfile\systemDictionar
Event: 14.486 Thread 0x000000001ac68000 Exception <a 'java/lang/ClassNotFoundException': com/dangdang/ddframe/job/lite/internal/schedule/LiteJobCustomizer> (0x00000000db018400) thrown at [C:\re\workspace\8-2-build-windows-amd64-cygwin\jdk8u144\9417\hotspot\src\share\vm\classfile\systemDictionar
Event: 15.735 Thread 0x000000001ac6d000 Exception <a 'java/lang/ArrayIndexOutOfBoundsException'> (0x00000000db349880) thrown at [C:\re\workspace\8-2-build-windows-amd64-cygwin\jdk8u144\9417\hotspot\src\share\vm\runtime\sharedRuntime.cpp, line 605]
Event: 15.958 Thread 0x000000001ac6b000 Exception <a 'java/lang/ArrayIndexOutOfBoundsException'> (0x00000000db3c3df0) thrown at [C:\re\workspace\8-2-build-windows-amd64-cygwin\jdk8u144\9417\hotspot\src\share\vm\runtime\sharedRuntime.cpp, line 605]
Event: 15.959 Thread 0x000000001ac6b000 Exception <a 'java/lang/ArrayIndexOutOfBoundsException'> (0x00000000db3c58d8) thrown at [C:\re\workspace\8-2-build-windows-amd64-cygwin\jdk8u144\9417\hotspot\src\share\vm\runtime\sharedRuntime.cpp, line 605]
Event: 18.193 Thread 0x000000001ac6d000 Exception <a 'java/lang/ArrayIndexOutOfBoundsException'> (0x00000000dd8041c0) thrown at [C:\re\workspace\8-2-build-windows-amd64-cygwin\jdk8u144\9417\hotspot\src\share\vm\runtime\sharedRuntime.cpp, line 605]
Event: 145.890 Thread 0x000000001d0bd000 Exception <a 'java/lang/InterruptedException': sleep interrupted> (0x00000000e135cea8) thrown at [C:\re\workspace\8-2-build-windows-amd64-cygwin\jdk8u144\9417\hotspot\src\share\vm\prims\jvm.cpp, line 3228]
Event: 146.310 Thread 0x000000001a7ff000 Exception <a 'java/lang/InterruptedException': sleep interrupted> (0x00000000d5f00050) thrown at [C:\re\workspace\8-2-build-windows-amd64-cygwin\jdk8u144\9417\hotspot\src\share\vm\prims\jvm.cpp, line 3228]

Events (10 events):
Event: 146.292 Executing VM operation: RevokeBias done
Event: 146.292 Thread 0x000000001d0bf800 Thread exited: 0x000000001d0bf800
Event: 146.292 Executing VM operation: RevokeBias
Event: 146.292 Executing VM operation: RevokeBias done
Event: 146.292 Executing VM operation: RevokeBias
Event: 146.292 Executing VM operation: RevokeBias done
Event: 146.292 Executing VM operation: RevokeBias
Event: 146.293 Executing VM operation: RevokeBias done
Event: 146.293 Executing VM operation: ParallelGCFailedAllocation
Event: 146.310 Executing VM operation: ParallelGCFailedAllocation done


Dynamic libraries:
0x00007ff6265b0000 - 0x00007ff6265e7000 	C:\Program Files\Java\jdk1.8.0_144\bin\java.exe
0x00007ffadcae0000 - 0x00007ffadccd0000 	C:\WINDOWS\SYSTEM32\ntdll.dll
0x00007ffadb0b0000 - 0x00007ffadb162000 	C:\WINDOWS\System32\KERNEL32.DLL
0x00007ffad9e30000 - 0x00007ffada0d3000 	C:\WINDOWS\System32\KERNELBASE.dll
0x00007ffadb200000 - 0x00007ffadb2a3000 	C:\WINDOWS\System32\ADVAPI32.dll
0x00007ffadbf00000 - 0x00007ffadbf9e000 	C:\WINDOWS\System32\msvcrt.dll
0x00007ffadc9d0000 - 0x00007ffadca67000 	C:\WINDOWS\System32\sechost.dll
0x00007ffadb2b0000 - 0x00007ffadb3d0000 	C:\WINDOWS\System32\RPCRT4.dll
0x00007ffadc690000 - 0x00007ffadc824000 	C:\WINDOWS\System32\USER32.dll
0x00007ffadab30000 - 0x00007ffadab51000 	C:\WINDOWS\System32\win32u.dll
0x00007ffadbed0000 - 0x00007ffadbef6000 	C:\WINDOWS\System32\GDI32.dll
0x00007ffada160000 - 0x00007ffada2f4000 	C:\WINDOWS\System32\gdi32full.dll
0x00007ffad9a90000 - 0x00007ffad9b2e000 	C:\WINDOWS\System32\msvcp_win.dll
0x00007ffad9b30000 - 0x00007ffad9c2a000 	C:\WINDOWS\System32\ucrtbase.dll
0x00007ffacfed0000 - 0x00007ffad0155000 	C:\WINDOWS\WinSxS\amd64_microsoft.windows.common-controls_6595b64144ccf1df_6.0.18362.535_none_e6c3b34713100821\COMCTL32.dll
0x00007ffadac10000 - 0x00007ffadaf46000 	C:\WINDOWS\System32\combase.dll
0x00007ffada0e0000 - 0x00007ffada160000 	C:\WINDOWS\System32\bcryptPrimitives.dll
0x00007ffadca70000 - 0x00007ffadca9e000 	C:\WINDOWS\System32\IMM32.DLL
0x0000000052cd0000 - 0x0000000052da2000 	C:\Program Files\Java\jdk1.8.0_144\jre\bin\msvcr100.dll
0x0000000052430000 - 0x0000000052ccd000 	C:\Program Files\Java\jdk1.8.0_144\jre\bin\server\jvm.dll
0x00007ffadb9c0000 - 0x00007ffadb9c8000 	C:\WINDOWS\System32\PSAPI.DLL
0x00007ffaccd00000 - 0x00007ffaccd09000 	C:\WINDOWS\SYSTEM32\WSOCK32.dll
0x00007ffadc830000 - 0x00007ffadc89f000 	C:\WINDOWS\System32\WS2_32.dll
0x00007ffad4140000 - 0x00007ffad414a000 	C:\WINDOWS\SYSTEM32\VERSION.dll
0x00007ffad07f0000 - 0x00007ffad0814000 	C:\WINDOWS\SYSTEM32\WINMM.dll
0x00007ffad05b0000 - 0x00007ffad05dd000 	C:\WINDOWS\SYSTEM32\WINMMBASE.dll
0x00007ffad9de0000 - 0x00007ffad9e2a000 	C:\WINDOWS\System32\cfgmgr32.dll
0x00000000539c0000 - 0x00000000539cf000 	C:\Program Files\Java\jdk1.8.0_144\jre\bin\verify.dll
0x00000000538a0000 - 0x00000000538c9000 	C:\Program Files\Java\jdk1.8.0_144\jre\bin\java.dll
0x00000000522b0000 - 0x00000000522e5000 	C:\Program Files\Java\jdk1.8.0_144\jre\bin\jdwp.dll
0x00000000522a0000 - 0x00000000522a8000 	C:\Program Files\Java\jdk1.8.0_144\jre\bin\npt.dll
0x0000000052270000 - 0x0000000052293000 	C:\Program Files\Java\jdk1.8.0_144\jre\bin\instrument.dll
0x0000000052410000 - 0x0000000052426000 	C:\Program Files\Java\jdk1.8.0_144\jre\bin\zip.dll
0x00007ffadbfa0000 - 0x00007ffadc685000 	C:\WINDOWS\System32\SHELL32.dll
0x00007ffadb3d0000 - 0x00007ffadb479000 	C:\WINDOWS\System32\shcore.dll
0x00007ffada3b0000 - 0x00007ffadab2f000 	C:\WINDOWS\System32\windows.storage.dll
0x00007ffad9a50000 - 0x00007ffad9a6f000 	C:\WINDOWS\System32\profapi.dll
0x00007ffad9a00000 - 0x00007ffad9a4a000 	C:\WINDOWS\System32\powrprof.dll
0x00007ffad99b0000 - 0x00007ffad99c0000 	C:\WINDOWS\System32\UMPDC.dll
0x00007ffadc900000 - 0x00007ffadc952000 	C:\WINDOWS\System32\shlwapi.dll
0x00007ffad99c0000 - 0x00007ffad99d1000 	C:\WINDOWS\System32\kernel.appcore.dll
0x00007ffad9a70000 - 0x00007ffad9a87000 	C:\WINDOWS\System32\cryptsp.dll
0x0000000052260000 - 0x0000000052269000 	C:\Program Files\Java\jdk1.8.0_144\jre\bin\dt_socket.dll
0x00007ffacf780000 - 0x00007ffacf88d000 	C:\WINDOWS\SysWOW64\ierd_tgp_lsp64.dll
0x00007ffadaf50000 - 0x00007ffadb0a6000 	C:\WINDOWS\System32\ole32.dll
0x00007ffad91f0000 - 0x00007ffad9257000 	C:\WINDOWS\system32\mswsock.dll
0x00007ffacfec0000 - 0x00007ffacfeca000 	C:\WINDOWS\system32\wshqos.dll
0x00007ffacfd00000 - 0x00007ffacfd08000 	C:\WINDOWS\SYSTEM32\wshtcpip.DLL
0x00007ffacfcf0000 - 0x00007ffacfcf8000 	C:\WINDOWS\SYSTEM32\wship6.dll
0x00007ffad8d00000 - 0x00007ffad8d33000 	C:\WINDOWS\system32\rsaenh.dll
0x00007ffadab60000 - 0x00007ffadab86000 	C:\WINDOWS\System32\bcrypt.dll
0x00007ffad98d0000 - 0x00007ffad98f5000 	C:\WINDOWS\SYSTEM32\USERENV.dll
0x00007ffad93c0000 - 0x00007ffad93cc000 	C:\WINDOWS\SYSTEM32\CRYPTBASE.dll
0x00000000523f0000 - 0x000000005240a000 	C:\Program Files\Java\jdk1.8.0_144\jre\bin\net.dll
0x00007ffad8ea0000 - 0x00007ffad8eda000 	C:\WINDOWS\SYSTEM32\IPHLPAPI.DLL
0x00007ffadb190000 - 0x00007ffadb198000 	C:\WINDOWS\System32\NSI.dll
0x00007ffad18c0000 - 0x00007ffad18d6000 	C:\WINDOWS\SYSTEM32\dhcpcsvc6.DLL
0x00007ffad1ed0000 - 0x00007ffad1eec000 	C:\WINDOWS\SYSTEM32\dhcpcsvc.DLL
0x00007ffad8f40000 - 0x00007ffad900a000 	C:\WINDOWS\SYSTEM32\DNSAPI.dll
0x00000000523d0000 - 0x00000000523e1000 	C:\Program Files\Java\jdk1.8.0_144\jre\bin\nio.dll
0x00007ffacf8f0000 - 0x00007ffacf8fa000 	C:\Windows\System32\rasadhlp.dll
0x00007ffad0f50000 - 0x00007ffad0fc7000 	C:\WINDOWS\System32\fwpuclnt.dll
0x0000000053840000 - 0x000000005384d000 	C:\Program Files\Java\jdk1.8.0_144\jre\bin\management.dll
0x00007ffac9c00000 - 0x00007ffac9c16000 	C:\WINDOWS\system32\napinsp.dll
0x00007ffac8f80000 - 0x00007ffac8f9a000 	C:\WINDOWS\system32\pnrpnsp.dll
0x00007ffac9bf0000 - 0x00007ffac9bfe000 	C:\WINDOWS\System32\winrnr.dll
0x00007ffad3ad0000 - 0x00007ffad3aec000 	C:\WINDOWS\system32\NLAapi.dll
0x00007ffad4fd0000 - 0x00007ffad4fe5000 	C:\WINDOWS\system32\wshbth.dll
0x0000000052230000 - 0x0000000052254000 	C:\Program Files\Java\jdk1.8.0_144\jre\bin\sunec.dll
0x00007ffaa7690000 - 0x00007ffaa77d6000 	D:\sdk\HCNetSDK.dll
0x000000001e0f0000 - 0x000000001e749000 	D:\sdk\HCCore.dll
0x00007ffa94d20000 - 0x00007ffa94ff5000 	D:\sdk\HCNetSDKCom\HCAlarm.dll
0x0000000022580000 - 0x00000000228d4000 	D:\sdk\HCNetSDKCom\HCCoreDevCfg.dll
0x0000000022e10000 - 0x0000000022faf000 	D:\sdk\libeay32.dll
0x0000000052180000 - 0x0000000052223000 	C:\WINDOWS\WinSxS\amd64_microsoft.vc90.crt_1fc8b3b9a1e18e3b_9.0.30729.9619_none_08e065a3a84109b0\MSVCR90.dll
0x00000000228e0000 - 0x000000002293d000 	D:\sdk\ssleay32.dll
0x00007ffad8260000 - 0x00007ffad8454000 	C:\WINDOWS\SYSTEM32\dbghelp.dll

VM Arguments:
jvm_args: -agentlib:jdwp=transport=dt_socket,address=127.0.0.1:49957,suspend=y,server=n -XX:TieredStopAtLevel=1 -Xverify:none -Dspring.output.ansi.enabled=always -Dcom.sun.management.jmxremote -Dspring.liveBeansView.mbeanDomain -Dspring.application.admin.enabled=true -javaagent:C:\Users\¿ÓÀ¨≥¨\.IntelliJIdea2018.3\system\captureAgent\debugger-agent.jar -Dfile.encoding=UTF-8 
java_command: com.ss.sdk.SdkApplication
java_class_path (initial): C:\Program Files\Java\jdk1.8.0_144\jre\lib\charsets.jar;C:\Program Files\Java\jdk1.8.0_144\jre\lib\deploy.jar;C:\Program Files\Java\jdk1.8.0_144\jre\lib\ext\access-bridge-64.jar;C:\Program Files\Java\jdk1.8.0_144\jre\lib\ext\cldrdata.jar;C:\Program Files\Java\jdk1.8.0_144\jre\lib\ext\dnsns.jar;C:\Program Files\Java\jdk1.8.0_144\jre\lib\ext\jaccess.jar;C:\Program Files\Java\jdk1.8.0_144\jre\lib\ext\jfxrt.jar;C:\Program Files\Java\jdk1.8.0_144\jre\lib\ext\localedata.jar;C:\Program Files\Java\jdk1.8.0_144\jre\lib\ext\nashorn.jar;C:\Program Files\Java\jdk1.8.0_144\jre\lib\ext\sunec.jar;C:\Program Files\Java\jdk1.8.0_144\jre\lib\ext\sunjce_provider.jar;C:\Program Files\Java\jdk1.8.0_144\jre\lib\ext\sunmscapi.jar;C:\Program Files\Java\jdk1.8.0_144\jre\lib\ext\sunpkcs11.jar;C:\Program Files\Java\jdk1.8.0_144\jre\lib\ext\zipfs.jar;C:\Program Files\Java\jdk1.8.0_144\jre\lib\javaws.jar;C:\Program Files\Java\jdk1.8.0_144\jre\lib\jce.jar;C:\Program Files\Java\jdk1.8.0_144\jre\lib\jfr.jar;C:\Program Files\Java\jdk1.8.0_144\jre\lib\jfxswt.jar;C:\Program Files\Java\jdk1.8.0_144\jre\lib\jsse.jar;C:\Program Files\Java\jdk1.8.0_144\jre\lib\management-agent.jar;C:\Program Files\Java\jdk1.8.0_144\jre\lib\plugin.jar;C:\Program Files\Java\jdk1.8.0_144\jre\lib\resources.jar;C:\Program Files\Java\jdk1.8.0_144\jre\lib\rt.jar;D:\sdk\target\classes;D:\sdk\jna.jar;D:\sdk\examples.jar;D:\mavenRepository\org\springframework\spring-beans\5.1.8.RELEASE\spring-beans-5.1.8.RELEASE.jar;D:\mavenRepository\org\springframework\spring-core\5.1.8.RELEASE\spring-core-5.1.8.RELEASE.jar;D:\mavenRepository\org\springframework\spring-jcl\5.1.8.RELEASE\spring-jcl-5.1.8.RELEASE.jar;D:\mavenRepository\org\springframework\spring-context\5.1.8.RELEASE\spring-context-5.1.8.RELEASE.jar;D:\mavenRepository\org\springframework\spring-aop\5.1.8.RELEASE\spring-aop-5.1.8.RELEASE.jar;D:\mavenRepository\org\springframework\spring-expression\5.1.8.RELEASE\spring-expression-5.1.8.RELEASE.jar;D:\mav
Launcher Type: SUN_STANDARD

Environment Variables:
JAVA_HOME=C:\Program Files\Java\jdk1.8.0_144\
CLASSPATH=C:\Program Files\Java\jdk1.8.0_144\\bin;C:\Program Files\Java\jdk1.8.0_144\\lib\dt.jar;C:\Program Files\Java\jdk1.8.0_144\\lib\tools.jar
PATH=C:\ProgramData\Oracle\Java\javapath;C:\Program Files (x86)\Intel\iCLS Client\;C:\Program Files\Intel\iCLS Client\;C:\windows\system32;C:\windows;C:\windows\System32\Wbem;C:\windows\System32\WindowsPowerShell\v1.0\;C:\Program Files (x86)\Intel\Intel(R) Management Engine Components\DAL;C:\Program Files\Intel\Intel(R) Management Engine Components\DAL;C:\Program Files (x86)\Intel\Intel(R) Management Engine Components\IPT;C:\Program Files\Intel\Intel(R) Management Engine Components\IPT;C:\Program Files (x86)\NVIDIA Corporation\PhysX\Common;C:\WINDOWS\system32;C:\WINDOWS;C:\WINDOWS\System32\Wbem;C:\WINDOWS\System32\WindowsPowerShell\v1.0\;C:\WINDOWS\System32\OpenSSH\;C:\Program Files\apache-maven-3.6.0\bin;C:\Program Files\Java\jdk1.8.0_144\\bin;%MYSQL_HOME$\bin;C:\Program Files\Intel\WiFi\bin\;C:\Program Files\Common Files\Intel\WirelessCommon\;C:\Program Files (x86)\GtkSharp\2.12\bin;D:\Git\cmd;C:\Program Files\TortoiseGit\bin;D:\ffmpeg-20190808-e317c25-win64-static\bin;C:\Users\¿ÓÀ¨≥¨\AppData\Local\Microsoft\WindowsApps;C:\Program Files\Java\jdk1.8.0_144\\bin;
USERNAME=¿ÓÀ¨≥¨
OS=Windows_NT
PROCESSOR_IDENTIFIER=Intel64 Family 6 Model 158 Stepping 9, GenuineIntel



---------------  S Y S T E M  ---------------

OS: Windows 10.0 , 64 bit Build 18362 (10.0.18362.329)

CPU:total 4 (initial active 4) (4 cores per cpu, 1 threads per core) family 6 model 158 stepping 9, cmov, cx8, fxsr, mmx, sse, sse2, sse3, ssse3, sse4.1, sse4.2, popcnt, avx, avx2, aes, clmul, erms, 3dnowpref, lzcnt, tsc, tscinvbit, bmi1, bmi2, adx

Memory: 4k page, physical 8271080k(1171244k free), swap 21902568k(6155684k free)

vm_info: Java HotSpot(TM) 64-Bit Server VM (25.144-b01) for windows-amd64 JRE (1.8.0_144-b01), built on Jul 21 2017 21:57:33 by "java_re" with MS VC++ 10.0 (VS2010)

time: Wed Dec 18 14:59:41 2019
elapsed time: 146 seconds (0d 0h 2m 26s)

