#
# A fatal error has been detected by the Java Runtime Environment:
#
#  EXCEPTION_ACCESS_VIOLATION (0xc0000005) at pc=0x00000000578ddacd, pid=17032, tid=0x0000000000004d58
#
# JRE version: Java(TM) SE Runtime Environment (8.0_144-b01) (build 1.8.0_144-b01)
# Java VM: Java HotSpot(TM) 64-Bit Server VM (25.144-b01 mixed mode windows-amd64 compressed oops)
# Problematic frame:
# V  [jvm.dll+0x13dacd]
#
# Failed to write core dump. Minidumps are not enabled by default on client versions of Windows
#
# If you would like to submit a bug report, please visit:
#   http://bugreport.java.com/bugreport/crash.jsp
#

---------------  T H R E A D  ---------------

Current thread (0x000000001e641000):  JavaThread "com.ss.sdk.job.GetIssueDataJob_Worker-1" [_thread_in_vm, id=19800, stack(0x0000000023760000,0x0000000023860000)]

siginfo: ExceptionCode=0xc0000005, reading address 0x0000000000000000

Registers:
RAX=0x0000000000000000, RBX=0x000000001e641000, RCX=0x0000000000000100, RDX=0x000000001e638430
RSP=0x000000002385e840, RBP=0x000000002385ea68, RSI=0x0000000081c6ca40, RDI=0x0000000000000000
R8 =0x0000000000000000, R9 =0x00000000dccb9af0, R10=0x0000000000000005, R11=0x0000000019953f80
R12=0x0000000000000000, R13=0x000000002056a838, R14=0x000000002385eaa8, R15=0x000000001e641000
RIP=0x00000000578ddacd, EFLAGS=0x0000000000010246

Top of Stack: (sp=0x000000002385e840)
0x000000002385e840:   000000001e641000 0000000000000000
0x000000002385e850:   0000000100653258 0000000000000000
0x000000002385e860:   0000000100012108 0000000180004172
0x000000002385e870:   000000002056a838 00000000db800068
0x000000002385e880:   00000000db800068 00000000db800068
0x000000002385e890:   000000002385ea68 0000000180008f85
0x000000002385e8a0:   000000001e6411f8 000000001e638430
0x000000002385e8b0:   000000002056a838 000000002056a838
0x000000002385e8c0:   00000000dccb9af0 000000005792d495
0x000000002385e8d0:   0000000000000004 0000000000000001
0x000000002385e8e0:   000000001addce90 000000001e641000
0x000000002385e8f0:   0000000000000001 0000000000000004
0x000000002385e900:   00000000dccb9af0 0000000000000004
0x000000002385e910:   0000000100653878 0000000057895d00
0x000000002385e920:   00000000dccb9af0 0000000000000004
0x000000002385e930:   00000000dccb9af0 0000000057f424a0 

Instructions: (pc=0x00000000578ddacd)
0x00000000578ddaad:   0a 8b 43 30 a9 00 00 00 30 74 08 48 8b cb e8 d0
0x00000000578ddabd:   51 10 00 c7 83 70 02 00 00 06 00 00 00 48 8b 36
0x00000000578ddacd:   48 8b 3f 48 8b ce e8 f8 ac f2 ff 84 c0 75 72 48
0x00000000578ddadd:   8b cf e8 ec ac f2 ff 84 c0 75 66 48 8b ce e8 c0 


Register to memory mapping:

RAX=0x0000000000000000 is an unknown value
RBX=0x000000001e641000 is a thread
RCX=0x0000000000000100 is an unknown value
RDX=0x000000001e638430 is an unknown value
RSP=0x000000002385e840 is pointing into the stack for thread: 0x000000001e641000
RBP=0x000000002385ea68 is pointing into the stack for thread: 0x000000001e641000
RSI=0x0000000081c6ca40 is an oop
java.lang.Class 
 - klass: 'java/lang/Class'
RDI=0x0000000000000000 is an unknown value
R8 =0x0000000000000000 is an unknown value
R9 =0x00000000dccb9af0 is an oop
[Ljava.lang.Class; 
 - klass: 'java/lang/Class'[]
 - length: 4
R10=0x0000000000000005 is an unknown value
R11=0x0000000019953f80 is an unknown value
R12=0x0000000000000000 is an unknown value
R13={method} {0x000000002056a840} 'createNativeCallback' '(Lcom/sun/jna/CallbackProxy;Ljava/lang/reflect/Method;[Ljava/lang/Class;Ljava/lang/Class;I)Lcom/sun/jna/Pointer;' in 'com/sun/jna/CallbackReference'
R14=0x000000002385eaa8 is pointing into the stack for thread: 0x000000001e641000
R15=0x000000001e641000 is a thread


Stack: [0x0000000023760000,0x0000000023860000],  sp=0x000000002385e840,  free space=1018k
Native frames: (J=compiled Java code, j=interpreted, Vv=VM code, C=native code)
V  [jvm.dll+0x13dacd]
C  [jna4943278166407405375.tmp+0x4172]
C  [jna4943278166407405375.tmp+0x8f85]
C  [jna4943278166407405375.tmp+0x2536]
C  0x0000000002da226e

Java frames: (J=compiled Java code, j=interpreted, Vv=VM code)
j  com.sun.jna.CallbackReference.createNativeCallback(Lcom/sun/jna/CallbackProxy;Ljava/lang/reflect/Method;[Ljava/lang/Class;Ljava/lang/Class;I)Lcom/sun/jna/Pointer;+0
j  com.sun.jna.CallbackReference.<init>(Lcom/sun/jna/Callback;I)V+296
j  com.sun.jna.CallbackReference.getFunctionPointer(Lcom/sun/jna/Callback;)Lcom/sun/jna/Pointer;+75
j  com.sun.jna.Function.convertArgument([Ljava/lang/Object;ILjava/lang/reflect/Method;Lcom/sun/jna/TypeMapper;)Ljava/lang/Object;+333
j  com.sun.jna.Function.invoke(Ljava/lang/Class;[Ljava/lang/Object;Ljava/util/Map;)Ljava/lang/Object;+96
j  com.sun.jna.Library$Handler.invoke(Ljava/lang/Object;Ljava/lang/reflect/Method;[Ljava/lang/Object;)Ljava/lang/Object;+344
j  com.sun.proxy.$Proxy59.NET_DVR_StartRemoteConfig(Lcom/sun/jna/NativeLong;ILcom/sun/jna/Pointer;ILcom/ss/sdk/Client/HCNetSDK$FRemoteConfigCallback;Lcom/sun/jna/Pointer;)Lcom/sun/jna/NativeLong;+46
j  com.ss.sdk.Client.FaceParamCfg.jBtnSetFaceCfg(Lcom/sun/jna/NativeLong;Lcom/ss/sdk/model/Issue;)V+132
j  com.ss.sdk.job.GetIssueDataJob.execute(Lcom/dangdang/ddframe/job/api/ShardingContext;)V+379
j  com.dangdang.ddframe.job.executor.type.SimpleJobExecutor.process(Lcom/dangdang/ddframe/job/api/ShardingContext;)V+5
j  com.dangdang.ddframe.job.executor.AbstractElasticJobExecutor.process(Lcom/dangdang/ddframe/job/executor/ShardingContexts;ILcom/dangdang/ddframe/job/event/type/JobExecutionEvent;)V+45
j  com.dangdang.ddframe.job.executor.AbstractElasticJobExecutor.process(Lcom/dangdang/ddframe/job/executor/ShardingContexts;Lcom/dangdang/ddframe/job/event/type/JobExecutionEvent$ExecutionSource;)V+73
j  com.dangdang.ddframe.job.executor.AbstractElasticJobExecutor.execute(Lcom/dangdang/ddframe/job/executor/ShardingContexts;Lcom/dangdang/ddframe/job/event/type/JobExecutionEvent$ExecutionSource;)V+92
j  com.dangdang.ddframe.job.executor.AbstractElasticJobExecutor.execute()V+182
j  com.dangdang.ddframe.job.lite.internal.schedule.LiteJob.execute(Lorg/quartz/JobExecutionContext;)V+11
j  org.quartz.core.JobRunShell.run()V+271
j  org.quartz.simpl.SimpleThreadPool$WorkerThread.run()V+62
v  ~StubRoutines::call_stub

---------------  P R O C E S S  ---------------

Java Threads: ( => current thread )
  0x0000000019ad8800 JavaThread "Quartz Shutdown-Hook com.ss.sdk.job.GetIssueDataJob" [_thread_blocked, id=19812, stack(0x00000000251c0000,0x00000000252c0000)]
  0x000000001e64b800 JavaThread "SIGINT handler" daemon [_thread_blocked, id=12436, stack(0x0000000019200000,0x0000000019300000)]
  0x000000001e646800 JavaThread "RMI TCP Connection(idle)" daemon [_thread_blocked, id=20096, stack(0x0000000023c60000,0x0000000023d60000)]
  0x000000001e645000 JavaThread "RMI TCP Connection(idle)" daemon [_thread_blocked, id=19876, stack(0x0000000023b60000,0x0000000023c60000)]
  0x000000001e645800 JavaThread "DestroyJavaVM" [_thread_blocked, id=14104, stack(0x0000000002980000,0x0000000002a80000)]
  0x000000001e63d800 JavaThread "ReconcileService" [_thread_blocked, id=19788, stack(0x0000000023a60000,0x0000000023b60000)]
  0x000000001e63f800 JavaThread "com.ss.sdk.job.GetIssueDataJob_QuartzSchedulerThread" [_thread_blocked, id=6636, stack(0x0000000023860000,0x0000000023960000)]
=>0x000000001e641000 JavaThread "com.ss.sdk.job.GetIssueDataJob_Worker-1" [_thread_in_vm, id=19800, stack(0x0000000023760000,0x0000000023860000)]
  0x000000001ae60800 JavaThread "mysql-cj-abandoned-connection-cleanup" daemon [_thread_blocked, id=19624, stack(0x000000001f410000,0x000000001f510000)]
  0x000000001abe1800 JavaThread "RMI Scheduler(0)" daemon [_thread_blocked, id=14064, stack(0x000000001bf80000,0x000000001c080000)]
  0x000000001aac3000 JavaThread "RMI TCP Connection(4)-192.168.0.139" daemon [_thread_in_native, id=2280, stack(0x000000001bc80000,0x000000001bd80000)]
  0x000000001995f000 JavaThread "RMI TCP Accept-0" daemon [_thread_in_native, id=19492, stack(0x000000001a100000,0x000000001a200000)]
  0x00000000196b5000 JavaThread "Service Thread" daemon [_thread_blocked, id=15760, stack(0x000000001a000000,0x000000001a100000)]
  0x0000000019676800 JavaThread "C1 CompilerThread2" daemon [_thread_blocked, id=16640, stack(0x0000000019f00000,0x000000001a000000)]
  0x0000000019671800 JavaThread "C2 CompilerThread1" daemon [_thread_blocked, id=7588, stack(0x0000000019e00000,0x0000000019f00000)]
  0x0000000019671000 JavaThread "C2 CompilerThread0" daemon [_thread_blocked, id=8432, stack(0x0000000019d00000,0x0000000019e00000)]
  0x00000000178ef000 JavaThread "JDWP Event Helper Thread" daemon [_thread_blocked, id=620, stack(0x0000000019300000,0x0000000019400000)]
  0x0000000018c43800 JavaThread "Attach Listener" daemon [_thread_blocked, id=7708, stack(0x0000000019100000,0x0000000019200000)]
  0x00000000178d6800 JavaThread "Signal Dispatcher" daemon [_thread_blocked, id=17012, stack(0x0000000019000000,0x0000000019100000)]
  0x00000000178a0000 JavaThread "Finalizer" daemon [_thread_blocked, id=1744, stack(0x0000000018b00000,0x0000000018c00000)]
  0x0000000002b76000 JavaThread "Reference Handler" daemon [_thread_blocked, id=8112, stack(0x0000000018a00000,0x0000000018b00000)]

Other Threads:
  0x0000000017877000 VMThread [stack: 0x0000000018900000,0x0000000018a00000] [id=20476]
  0x000000001996f000 WatcherThread [stack: 0x000000001a200000,0x000000001a300000] [id=14656]

VM state:not at safepoint (normal execution)

VM Mutex/Monitor currently owned by a thread: None

Heap:
 PSYoungGen      total 204288K, used 150668K [0x00000000d5f00000, 0x00000000e7780000, 0x0000000100000000)
  eden space 190976K, 71% used [0x00000000d5f00000,0x00000000de5277d0,0x00000000e1980000)
  from space 13312K, 99% used [0x00000000e1980000,0x00000000e267b8c0,0x00000000e2680000)
  to   space 16384K, 0% used [0x00000000e6780000,0x00000000e6780000,0x00000000e7780000)
 ParOldGen       total 80896K, used 21857K [0x0000000081c00000, 0x0000000086b00000, 0x00000000d5f00000)
  object space 80896K, 27% used [0x0000000081c00000,0x0000000083158540,0x0000000086b00000)
 Metaspace       used 51981K, capacity 54188K, committed 54312K, reserved 1095680K
  class space    used 6784K, capacity 7207K, committed 7208K, reserved 1048576K

Card table byte_map: [0x0000000012140000,0x0000000012540000] byte_map_base: 0x0000000011d32000

Marking Bits: (ParMarkBitMap*) 0x0000000057fbd850
 Begin Bits: [0x0000000012bf0000, 0x0000000014b80000)
 End Bits:   [0x0000000014b80000, 0x0000000016b10000)

Polling page: 0x0000000000ca0000

CodeCache: size=245760Kb used=10604Kb max_used=10604Kb free=235155Kb
 bounds [0x0000000002d80000, 0x00000000037e0000, 0x0000000011d80000]
 total_blobs=5511 nmethods=4946 adapters=485
 compilation: enabled

Compilation events (10 events):
Event: 46.537 Thread 0x0000000019676800 5038       1       java.util.concurrent.locks.AbstractQueuedSynchronizer::hasQueuedPredecessors (40 bytes)
Event: 46.537 Thread 0x0000000019676800 nmethod 5038 0x00000000037d9110 code [0x00000000037d9260, 0x00000000037d93d0]
Event: 46.537 Thread 0x0000000019676800 5039       1       javax.management.ObjectName::getCanonicalKeyPropertyListString (44 bytes)
Event: 46.537 Thread 0x0000000019676800 nmethod 5039 0x00000000037d9490 code [0x00000000037d9600, 0x00000000037d97a8]
Event: 46.543 Thread 0x0000000019676800 5041       1       java.io.ObjectStreamClass$FieldReflectorKey::<init> (95 bytes)
Event: 46.544 Thread 0x0000000019676800 nmethod 5041 0x00000000037d9890 code [0x00000000037d9a40, 0x00000000037d9ea8]
Event: 46.544 Thread 0x0000000019676800 5040   !   1       java.io.ObjectStreamClass::getReflector (336 bytes)
Event: 46.546 Thread 0x0000000019676800 nmethod 5040 0x00000000037da210 code [0x00000000037da520, 0x00000000037db898]
Event: 46.546 Thread 0x0000000019676800 5042   !   1       java.net.Socket::isClosed (19 bytes)
Event: 46.546 Thread 0x0000000019676800 nmethod 5042 0x00000000037dc790 code [0x00000000037dc900, 0x00000000037dcbb0]

GC Heap History (10 events):
Event: 2.888 GC heap before
{Heap before GC invocations=7 (full 1):
 PSYoungGen      total 71680K, used 66560K [0x00000000d5f00000, 0x00000000df200000, 0x0000000100000000)
  eden space 66560K, 100% used [0x00000000d5f00000,0x00000000da000000,0x00000000da000000)
  from space 5120K, 0% used [0x00000000da000000,0x00000000da000000,0x00000000da500000)
  to   space 8704K, 0% used [0x00000000de980000,0x00000000de980000,0x00000000df200000)
 ParOldGen       total 50688K, used 5768K [0x0000000081c00000, 0x0000000084d80000, 0x00000000d5f00000)
  object space 50688K, 11% used [0x0000000081c00000,0x00000000821a2368,0x0000000084d80000)
 Metaspace       used 23345K, capacity 24060K, committed 24320K, reserved 1071104K
  class space    used 3041K, capacity 3256K, committed 3328K, reserved 1048576K
Event: 2.895 GC heap after
Heap after GC invocations=7 (full 1):
 PSYoungGen      total 120320K, used 5081K [0x00000000d5f00000, 0x00000000dee80000, 0x0000000100000000)
  eden space 115200K, 0% used [0x00000000d5f00000,0x00000000d5f00000,0x00000000dcf80000)
  from space 5120K, 99% used [0x00000000de980000,0x00000000dee767e0,0x00000000dee80000)
  to   space 8704K, 0% used [0x00000000ddd80000,0x00000000ddd80000,0x00000000de600000)
 ParOldGen       total 50688K, used 5840K [0x0000000081c00000, 0x0000000084d80000, 0x00000000d5f00000)
  object space 50688K, 11% used [0x0000000081c00000,0x00000000821b4378,0x0000000084d80000)
 Metaspace       used 23345K, capacity 24060K, committed 24320K, reserved 1071104K
  class space    used 3041K, capacity 3256K, committed 3328K, reserved 1048576K
}
Event: 3.786 GC heap before
{Heap before GC invocations=8 (full 1):
 PSYoungGen      total 120320K, used 120281K [0x00000000d5f00000, 0x00000000dee80000, 0x0000000100000000)
  eden space 115200K, 100% used [0x00000000d5f00000,0x00000000dcf80000,0x00000000dcf80000)
  from space 5120K, 99% used [0x00000000de980000,0x00000000dee767e0,0x00000000dee80000)
  to   space 8704K, 0% used [0x00000000ddd80000,0x00000000ddd80000,0x00000000de600000)
 ParOldGen       total 50688K, used 5840K [0x0000000081c00000, 0x0000000084d80000, 0x00000000d5f00000)
  object space 50688K, 11% used [0x0000000081c00000,0x00000000821b4378,0x0000000084d80000)
 Metaspace       used 28429K, capacity 29410K, committed 29696K, reserved 1075200K
  class space    used 3744K, capacity 3979K, committed 4096K, reserved 1048576K
Event: 3.795 GC heap after
Heap after GC invocations=8 (full 1):
 PSYoungGen      total 138240K, used 8695K [0x00000000d5f00000, 0x00000000e3100000, 0x0000000100000000)
  eden space 129536K, 0% used [0x00000000d5f00000,0x00000000d5f00000,0x00000000ddd80000)
  from space 8704K, 99% used [0x00000000ddd80000,0x00000000de5fddd0,0x00000000de600000)
  to   space 10752K, 0% used [0x00000000e2680000,0x00000000e2680000,0x00000000e3100000)
 ParOldGen       total 50688K, used 8162K [0x0000000081c00000, 0x0000000084d80000, 0x00000000d5f00000)
  object space 50688K, 16% used [0x0000000081c00000,0x00000000823f8970,0x0000000084d80000)
 Metaspace       used 28429K, capacity 29410K, committed 29696K, reserved 1075200K
  class space    used 3744K, capacity 3979K, committed 4096K, reserved 1048576K
}
Event: 5.874 GC heap before
{Heap before GC invocations=9 (full 1):
 PSYoungGen      total 138240K, used 104106K [0x00000000d5f00000, 0x00000000e3100000, 0x0000000100000000)
  eden space 129536K, 73% used [0x00000000d5f00000,0x00000000dbc2caf8,0x00000000ddd80000)
  from space 8704K, 99% used [0x00000000ddd80000,0x00000000de5fddd0,0x00000000de600000)
  to   space 10752K, 0% used [0x00000000e2680000,0x00000000e2680000,0x00000000e3100000)
 ParOldGen       total 50688K, used 8162K [0x0000000081c00000, 0x0000000084d80000, 0x00000000d5f00000)
  object space 50688K, 16% used [0x0000000081c00000,0x00000000823f8970,0x0000000084d80000)
 Metaspace       used 33942K, capacity 35460K, committed 35496K, reserved 1079296K
  class space    used 4445K, capacity 4742K, committed 4776K, reserved 1048576K
Event: 5.884 GC heap after
Heap after GC invocations=9 (full 1):
 PSYoungGen      total 201728K, used 10733K [0x00000000d5f00000, 0x00000000e4700000, 0x0000000100000000)
  eden space 190976K, 0% used [0x00000000d5f00000,0x00000000d5f00000,0x00000000e1980000)
  from space 10752K, 99% used [0x00000000e2680000,0x00000000e30fb760,0x00000000e3100000)
  to   space 13312K, 0% used [0x00000000e1980000,0x00000000e1980000,0x00000000e2680000)
 ParOldGen       total 50688K, used 10902K [0x0000000081c00000, 0x0000000084d80000, 0x00000000d5f00000)
  object space 50688K, 21% used [0x0000000081c00000,0x00000000826a59e8,0x0000000084d80000)
 Metaspace       used 33942K, capacity 35460K, committed 35496K, reserved 1079296K
  class space    used 4445K, capacity 4742K, committed 4776K, reserved 1048576K
}
Event: 5.884 GC heap before
{Heap before GC invocations=10 (full 2):
 PSYoungGen      total 201728K, used 10733K [0x00000000d5f00000, 0x00000000e4700000, 0x0000000100000000)
  eden space 190976K, 0% used [0x00000000d5f00000,0x00000000d5f00000,0x00000000e1980000)
  from space 10752K, 99% used [0x00000000e2680000,0x00000000e30fb760,0x00000000e3100000)
  to   space 13312K, 0% used [0x00000000e1980000,0x00000000e1980000,0x00000000e2680000)
 ParOldGen       total 50688K, used 10902K [0x0000000081c00000, 0x0000000084d80000, 0x00000000d5f00000)
  object space 50688K, 21% used [0x0000000081c00000,0x00000000826a59e8,0x0000000084d80000)
 Metaspace       used 33942K, capacity 35460K, committed 35496K, reserved 1079296K
  class space    used 4445K, capacity 4742K, committed 4776K, reserved 1048576K
Event: 5.954 GC heap after
Heap after GC invocations=10 (full 2):
 PSYoungGen      total 201728K, used 0K [0x00000000d5f00000, 0x00000000e4700000, 0x0000000100000000)
  eden space 190976K, 0% used [0x00000000d5f00000,0x00000000d5f00000,0x00000000e1980000)
  from space 10752K, 0% used [0x00000000e2680000,0x00000000e2680000,0x00000000e3100000)
  to   space 13312K, 0% used [0x00000000e1980000,0x00000000e1980000,0x00000000e2680000)
 ParOldGen       total 80896K, used 18304K [0x0000000081c00000, 0x0000000086b00000, 0x00000000d5f00000)
  object space 80896K, 22% used [0x0000000081c00000,0x0000000082de03e0,0x0000000086b00000)
 Metaspace       used 33942K, capacity 35460K, committed 35496K, reserved 1079296K
  class space    used 4445K, capacity 4742K, committed 4776K, reserved 1048576K
}
Event: 7.854 GC heap before
{Heap before GC invocations=11 (full 2):
 PSYoungGen      total 201728K, used 190976K [0x00000000d5f00000, 0x00000000e4700000, 0x0000000100000000)
  eden space 190976K, 100% used [0x00000000d5f00000,0x00000000e1980000,0x00000000e1980000)
  from space 10752K, 0% used [0x00000000e2680000,0x00000000e2680000,0x00000000e3100000)
  to   space 13312K, 0% used [0x00000000e1980000,0x00000000e1980000,0x00000000e2680000)
 ParOldGen       total 80896K, used 18304K [0x0000000081c00000, 0x0000000086b00000, 0x00000000d5f00000)
  object space 80896K, 22% used [0x0000000081c00000,0x0000000082de03e0,0x0000000086b00000)
 Metaspace       used 46062K, capacity 48226K, committed 48424K, reserved 1091584K
  class space    used 6021K, capacity 6438K, committed 6440K, reserved 1048576K
Event: 7.867 GC heap after
Heap after GC invocations=11 (full 2):
 PSYoungGen      total 204288K, used 13294K [0x00000000d5f00000, 0x00000000e7780000, 0x0000000100000000)
  eden space 190976K, 0% used [0x00000000d5f00000,0x00000000d5f00000,0x00000000e1980000)
  from space 13312K, 99% used [0x00000000e1980000,0x00000000e267b8c0,0x00000000e2680000)
  to   space 16384K, 0% used [0x00000000e6780000,0x00000000e6780000,0x00000000e7780000)
 ParOldGen       total 80896K, used 21857K [0x0000000081c00000, 0x0000000086b00000, 0x00000000d5f00000)
  object space 80896K, 27% used [0x0000000081c00000,0x0000000083158540,0x0000000086b00000)
 Metaspace       used 46062K, capacity 48226K, committed 48424K, reserved 1091584K
  class space    used 6021K, capacity 6438K, committed 6440K, reserved 1048576K
}

Deoptimization events (0 events):
No events

Internal exceptions (10 events):
Event: 20.541 Thread 0x000000001e641000 Exception <a 'java/lang/ArrayIndexOutOfBoundsException'> (0x00000000dc12e318) thrown at [C:\re\workspace\8-2-build-windows-amd64-cygwin\jdk8u144\9417\hotspot\src\share\vm\runtime\sharedRuntime.cpp, line 605]
Event: 20.541 Thread 0x000000001e641000 Exception <a 'java/lang/ArrayIndexOutOfBoundsException'> (0x00000000dc12ecf0) thrown at [C:\re\workspace\8-2-build-windows-amd64-cygwin\jdk8u144\9417\hotspot\src\share\vm\runtime\sharedRuntime.cpp, line 605]
Event: 20.541 Thread 0x000000001e641000 Exception <a 'java/lang/ArrayIndexOutOfBoundsException'> (0x00000000dc12fa20) thrown at [C:\re\workspace\8-2-build-windows-amd64-cygwin\jdk8u144\9417\hotspot\src\share\vm\runtime\sharedRuntime.cpp, line 605]
Event: 20.541 Thread 0x000000001e641000 Exception <a 'java/lang/ArrayIndexOutOfBoundsException'> (0x00000000dc131218) thrown at [C:\re\workspace\8-2-build-windows-amd64-cygwin\jdk8u144\9417\hotspot\src\share\vm\runtime\sharedRuntime.cpp, line 605]
Event: 20.542 Thread 0x000000001e641000 Exception <a 'java/lang/ArrayIndexOutOfBoundsException'> (0x00000000dc1588b8) thrown at [C:\re\workspace\8-2-build-windows-amd64-cygwin\jdk8u144\9417\hotspot\src\share\vm\runtime\sharedRuntime.cpp, line 605]
Event: 20.542 Thread 0x000000001e641000 Exception <a 'java/lang/ArrayIndexOutOfBoundsException'> (0x00000000dc159948) thrown at [C:\re\workspace\8-2-build-windows-amd64-cygwin\jdk8u144\9417\hotspot\src\share\vm\runtime\sharedRuntime.cpp, line 605]
Event: 36.811 Thread 0x000000001e641000 Exception <a 'java/lang/ClassNotFoundException': sun/net/www/protocol/d/Handler> (0x00000000dc91c198) thrown at [C:\re\workspace\8-2-build-windows-amd64-cygwin\jdk8u144\9417\hotspot\src\share\vm\classfile\systemDictionary.cpp, line 210]
Event: 36.813 Thread 0x000000001e641000 Exception <a 'java/lang/NullPointerException'> (0x00000000dc929cb0) thrown at [C:\re\workspace\8-2-build-windows-amd64-cygwin\jdk8u144\9417\hotspot\src\share\vm\interpreter\linkResolver.cpp, line 1197]
Event: 45.479 Thread 0x000000001e4fa000 Exception <a 'java/lang/InterruptedException': sleep interrupted> (0x00000000dd81eef8) thrown at [C:\re\workspace\8-2-build-windows-amd64-cygwin\jdk8u144\9417\hotspot\src\share\vm\prims\jvm.cpp, line 3228]
Event: 46.536 Thread 0x000000001b6b6800 Exception <a 'java/lang/InterruptedException': sleep interrupted> (0x00000000de360cd0) thrown at [C:\re\workspace\8-2-build-windows-amd64-cygwin\jdk8u144\9417\hotspot\src\share\vm\prims\jvm.cpp, line 3228]

Events (10 events):
Event: 46.547 Thread 0x000000001e641000 DEOPT PACKING pc=0x000000000372e66c sp=0x000000002385eb00
Event: 46.547 Thread 0x000000001e641000 DEOPT UNPACKING pc=0x0000000002dc787f sp=0x000000002385e858 mode 1
Event: 46.547 Thread 0x000000001e641000 DEOPT PACKING pc=0x0000000003747aec sp=0x000000002385eb20
Event: 46.547 Thread 0x000000001e641000 DEOPT UNPACKING pc=0x0000000002dc787f sp=0x000000002385e8e8 mode 1
Event: 46.547 Thread 0x000000001e641000 DEOPT PACKING pc=0x000000000372e66c sp=0x000000002385eb00
Event: 46.547 Thread 0x000000001e641000 DEOPT UNPACKING pc=0x0000000002dc787f sp=0x000000002385e858 mode 1
Event: 46.547 Thread 0x000000001e641000 DEOPT PACKING pc=0x0000000003747aec sp=0x000000002385e920
Event: 46.547 Thread 0x000000001e641000 DEOPT UNPACKING pc=0x0000000002dc787f sp=0x000000002385e6f0 mode 1
Event: 46.547 Thread 0x000000001e641000 DEOPT PACKING pc=0x000000000372e66c sp=0x000000002385e900
Event: 46.547 Thread 0x000000001e641000 DEOPT UNPACKING pc=0x0000000002dc787f sp=0x000000002385e658 mode 1


Dynamic libraries:
0x00007ff7e8fa0000 - 0x00007ff7e8fd7000 	C:\Program Files\Java\jdk1.8.0_144\bin\java.exe
0x00007ff9da8c0000 - 0x00007ff9daab0000 	C:\WINDOWS\SYSTEM32\ntdll.dll
0x00007ff9d9600000 - 0x00007ff9d96b2000 	C:\WINDOWS\System32\KERNEL32.DLL
0x00007ff9d7c20000 - 0x00007ff9d7ec3000 	C:\WINDOWS\System32\KERNELBASE.dll
0x00007ff9da550000 - 0x00007ff9da5f3000 	C:\WINDOWS\System32\ADVAPI32.dll
0x00007ff9d9240000 - 0x00007ff9d92de000 	C:\WINDOWS\System32\msvcrt.dll
0x00007ff9d9490000 - 0x00007ff9d9527000 	C:\WINDOWS\System32\sechost.dll
0x00007ff9da760000 - 0x00007ff9da880000 	C:\WINDOWS\System32\RPCRT4.dll
0x00007ff9d92f0000 - 0x00007ff9d9484000 	C:\WINDOWS\System32\USER32.dll
0x00007ff9d78a0000 - 0x00007ff9d78c1000 	C:\WINDOWS\System32\win32u.dll
0x00007ff9d9f20000 - 0x00007ff9d9f46000 	C:\WINDOWS\System32\GDI32.dll
0x00007ff9d79d0000 - 0x00007ff9d7b64000 	C:\WINDOWS\System32\gdi32full.dll
0x00007ff9d8150000 - 0x00007ff9d81ee000 	C:\WINDOWS\System32\msvcp_win.dll
0x00007ff9d78d0000 - 0x00007ff9d79ca000 	C:\WINDOWS\System32\ucrtbase.dll
0x00007ff9c8510000 - 0x00007ff9c8795000 	C:\WINDOWS\WinSxS\amd64_microsoft.windows.common-controls_6595b64144ccf1df_6.0.18362.476_none_e6c4b11b130f2595\COMCTL32.dll
0x00007ff9d9f60000 - 0x00007ff9da296000 	C:\WINDOWS\System32\combase.dll
0x00007ff9d80d0000 - 0x00007ff9d8150000 	C:\WINDOWS\System32\bcryptPrimitives.dll
0x00007ff9d9db0000 - 0x00007ff9d9dde000 	C:\WINDOWS\System32\IMM32.DLL
0x00000000597e0000 - 0x00000000598b2000 	C:\Program Files\Java\jdk1.8.0_144\jre\bin\msvcr100.dll
0x00000000577a0000 - 0x000000005803d000 	C:\Program Files\Java\jdk1.8.0_144\jre\bin\server\jvm.dll
0x00007ff9d92e0000 - 0x00007ff9d92e8000 	C:\WINDOWS\System32\PSAPI.DLL
0x00007ff9c0d50000 - 0x00007ff9c0d59000 	C:\WINDOWS\SYSTEM32\WSOCK32.dll
0x00007ff9d9de0000 - 0x00007ff9d9e4f000 	C:\WINDOWS\System32\WS2_32.dll
0x00007ff9d53a0000 - 0x00007ff9d53c4000 	C:\WINDOWS\SYSTEM32\WINMM.dll
0x00007ff9cd7e0000 - 0x00007ff9cd7ea000 	C:\WINDOWS\SYSTEM32\VERSION.dll
0x00007ff9d5370000 - 0x00007ff9d539d000 	C:\WINDOWS\SYSTEM32\WINMMBASE.dll
0x00007ff9d8020000 - 0x00007ff9d806a000 	C:\WINDOWS\System32\cfgmgr32.dll
0x00000000597d0000 - 0x00000000597df000 	C:\Program Files\Java\jdk1.8.0_144\jre\bin\verify.dll
0x00000000597a0000 - 0x00000000597c9000 	C:\Program Files\Java\jdk1.8.0_144\jre\bin\java.dll
0x0000000059020000 - 0x0000000059055000 	C:\Program Files\Java\jdk1.8.0_144\jre\bin\jdwp.dll
0x0000000059720000 - 0x0000000059728000 	C:\Program Files\Java\jdk1.8.0_144\jre\bin\npt.dll
0x0000000058ff0000 - 0x0000000059013000 	C:\Program Files\Java\jdk1.8.0_144\jre\bin\instrument.dll
0x0000000059780000 - 0x0000000059796000 	C:\Program Files\Java\jdk1.8.0_144\jre\bin\zip.dll
0x00007ff9d96c0000 - 0x00007ff9d9da5000 	C:\WINDOWS\System32\SHELL32.dll
0x00007ff9d8fe0000 - 0x00007ff9d9089000 	C:\WINDOWS\System32\shcore.dll
0x00007ff9d81f0000 - 0x00007ff9d896e000 	C:\WINDOWS\System32\windows.storage.dll
0x00007ff9d77c0000 - 0x00007ff9d77df000 	C:\WINDOWS\System32\profapi.dll
0x00007ff9d77e0000 - 0x00007ff9d782a000 	C:\WINDOWS\System32\powrprof.dll
0x00007ff9d7790000 - 0x00007ff9d77a0000 	C:\WINDOWS\System32\UMPDC.dll
0x00007ff9d9eb0000 - 0x00007ff9d9f02000 	C:\WINDOWS\System32\shlwapi.dll
0x00007ff9d7830000 - 0x00007ff9d7841000 	C:\WINDOWS\System32\kernel.appcore.dll
0x00007ff9d7880000 - 0x00007ff9d7897000 	C:\WINDOWS\System32\cryptsp.dll
0x0000000058fe0000 - 0x0000000058fe9000 	C:\Program Files\Java\jdk1.8.0_144\jre\bin\dt_socket.dll
0x00007ff9b9340000 - 0x00007ff9b944d000 	C:\WINDOWS\SysWOW64\ierd_tgp_lsp64.dll
0x00007ff9da600000 - 0x00007ff9da756000 	C:\WINDOWS\System32\ole32.dll
0x00007ff9d6fd0000 - 0x00007ff9d7037000 	C:\WINDOWS\system32\mswsock.dll
0x00007ff9ca920000 - 0x00007ff9ca92a000 	C:\WINDOWS\system32\wshqos.dll
0x00007ff9ca880000 - 0x00007ff9ca888000 	C:\WINDOWS\SYSTEM32\wshtcpip.DLL
0x00007ff9ca870000 - 0x00007ff9ca878000 	C:\WINDOWS\SYSTEM32\wship6.dll
0x00007ff9d6ae0000 - 0x00007ff9d6b13000 	C:\WINDOWS\system32\rsaenh.dll
0x00007ff9d7850000 - 0x00007ff9d7876000 	C:\WINDOWS\System32\bcrypt.dll
0x00007ff9d76b0000 - 0x00007ff9d76d5000 	C:\WINDOWS\SYSTEM32\USERENV.dll
0x00007ff9d71a0000 - 0x00007ff9d71ac000 	C:\WINDOWS\SYSTEM32\CRYPTBASE.dll
0x0000000059760000 - 0x000000005977a000 	C:\Program Files\Java\jdk1.8.0_144\jre\bin\net.dll
0x00007ff9d6c80000 - 0x00007ff9d6cba000 	C:\WINDOWS\SYSTEM32\IPHLPAPI.DLL
0x00007ff9d9f50000 - 0x00007ff9d9f58000 	C:\WINDOWS\System32\NSI.dll
0x00007ff9cc920000 - 0x00007ff9cc936000 	C:\WINDOWS\SYSTEM32\dhcpcsvc6.DLL
0x00007ff9cce20000 - 0x00007ff9cce3c000 	C:\WINDOWS\SYSTEM32\dhcpcsvc.DLL
0x00007ff9d6d20000 - 0x00007ff9d6dea000 	C:\WINDOWS\SYSTEM32\DNSAPI.dll
0x0000000059740000 - 0x0000000059751000 	C:\Program Files\Java\jdk1.8.0_144\jre\bin\nio.dll
0x00007ff9cabc0000 - 0x00007ff9cabca000 	C:\Windows\System32\rasadhlp.dll
0x00007ff9cc360000 - 0x00007ff9cc3d7000 	C:\WINDOWS\System32\fwpuclnt.dll
0x0000000059730000 - 0x000000005973d000 	C:\Program Files\Java\jdk1.8.0_144\jre\bin\management.dll
0x00007ff9bf970000 - 0x00007ff9bf986000 	C:\WINDOWS\system32\napinsp.dll
0x00007ff9bf950000 - 0x00007ff9bf96a000 	C:\WINDOWS\system32\pnrpnsp.dll
0x00007ff9bf940000 - 0x00007ff9bf94e000 	C:\WINDOWS\System32\winrnr.dll
0x00007ff9d3720000 - 0x00007ff9d373c000 	C:\WINDOWS\system32\NLAapi.dll
0x00007ff9d2320000 - 0x00007ff9d2335000 	C:\WINDOWS\system32\wshbth.dll
0x0000000180000000 - 0x0000000180031000 	C:\Users\¿ÓÀ¨≥¨\AppData\Local\Temp\jna4943278166407405375.tmp
0x00007ff9a6470000 - 0x00007ff9a65b6000 	D:\sdk\HCNetSDK.dll
0x000000001cfe0000 - 0x000000001d639000 	D:\sdk\HCCore.dll
0x0000000058fb0000 - 0x0000000058fd4000 	C:\Program Files\Java\jdk1.8.0_144\jre\bin\sunec.dll
0x0000000022c60000 - 0x0000000022dff000 	D:\sdk\libeay32.dll
0x0000000058f00000 - 0x0000000058fa3000 	C:\WINDOWS\WinSxS\amd64_microsoft.vc90.crt_1fc8b3b9a1e18e3b_9.0.30729.9619_none_08e065a3a84109b0\MSVCR90.dll
0x0000000022e00000 - 0x0000000022e5d000 	D:\sdk\ssleay32.dll
0x00007ff99dfb0000 - 0x00007ff99e285000 	D:\sdk\HCNetSDKCom\HCAlarm.dll
0x0000000023100000 - 0x0000000023454000 	D:\sdk\HCNetSDKCom\HCCoreDevCfg.dll
0x00007ff99d7d0000 - 0x00007ff99dab1000 	D:\sdk\HCNetSDKCom\HCVoiceTalk.dll
0x00007ff984520000 - 0x00007ff984919000 	D:\sdk\HCNetSDKCom\HCGeneralCfgMgr.dll
0x00007ff993060000 - 0x00007ff99331c000 	D:\sdk\HCNetSDKCom\HCPlayBack.dll
0x00007ff9841a0000 - 0x00007ff984516000 	D:\sdk\HCNetSDKCom\HCIndustry.dll
0x00007ff9825c0000 - 0x00007ff9828d2000 	D:\sdk\HCNetSDKCom\HCDisplay.dll
0x00007ff97f530000 - 0x00007ff97f833000 	D:\sdk\HCNetSDKCom\HCPreview.dll
0x00007ff9d6040000 - 0x00007ff9d6234000 	C:\WINDOWS\SYSTEM32\dbghelp.dll

VM Arguments:
jvm_args: -agentlib:jdwp=transport=dt_socket,address=127.0.0.1:61579,suspend=y,server=n -XX:TieredStopAtLevel=1 -Xverify:none -Dspring.output.ansi.enabled=always -Dcom.sun.management.jmxremote -Dspring.liveBeansView.mbeanDomain -Dspring.application.admin.enabled=true -javaagent:C:\Users\¿ÓÀ¨≥¨\.IntelliJIdea2018.3\system\captureAgent\debugger-agent.jar -Dfile.encoding=UTF-8 
java_command: com.ss.sdk.SdkApplication
java_class_path (initial): C:\Program Files\Java\jdk1.8.0_144\jre\lib\charsets.jar;C:\Program Files\Java\jdk1.8.0_144\jre\lib\deploy.jar;C:\Program Files\Java\jdk1.8.0_144\jre\lib\ext\access-bridge-64.jar;C:\Program Files\Java\jdk1.8.0_144\jre\lib\ext\cldrdata.jar;C:\Program Files\Java\jdk1.8.0_144\jre\lib\ext\dnsns.jar;C:\Program Files\Java\jdk1.8.0_144\jre\lib\ext\jaccess.jar;C:\Program Files\Java\jdk1.8.0_144\jre\lib\ext\jfxrt.jar;C:\Program Files\Java\jdk1.8.0_144\jre\lib\ext\localedata.jar;C:\Program Files\Java\jdk1.8.0_144\jre\lib\ext\nashorn.jar;C:\Program Files\Java\jdk1.8.0_144\jre\lib\ext\sunec.jar;C:\Program Files\Java\jdk1.8.0_144\jre\lib\ext\sunjce_provider.jar;C:\Program Files\Java\jdk1.8.0_144\jre\lib\ext\sunmscapi.jar;C:\Program Files\Java\jdk1.8.0_144\jre\lib\ext\sunpkcs11.jar;C:\Program Files\Java\jdk1.8.0_144\jre\lib\ext\zipfs.jar;C:\Program Files\Java\jdk1.8.0_144\jre\lib\javaws.jar;C:\Program Files\Java\jdk1.8.0_144\jre\lib\jce.jar;C:\Program Files\Java\jdk1.8.0_144\jre\lib\jfr.jar;C:\Program Files\Java\jdk1.8.0_144\jre\lib\jfxswt.jar;C:\Program Files\Java\jdk1.8.0_144\jre\lib\jsse.jar;C:\Program Files\Java\jdk1.8.0_144\jre\lib\management-agent.jar;C:\Program Files\Java\jdk1.8.0_144\jre\lib\plugin.jar;C:\Program Files\Java\jdk1.8.0_144\jre\lib\resources.jar;C:\Program Files\Java\jdk1.8.0_144\jre\lib\rt.jar;D:\sdk\target\classes;D:\sdk\jna.jar;D:\sdk\examples.jar;D:\mavenRepository\org\springframework\spring-beans\5.1.8.RELEASE\spring-beans-5.1.8.RELEASE.jar;D:\mavenRepository\org\springframework\spring-core\5.1.8.RELEASE\spring-core-5.1.8.RELEASE.jar;D:\mavenRepository\org\springframework\spring-jcl\5.1.8.RELEASE\spring-jcl-5.1.8.RELEASE.jar;D:\mavenRepository\org\springframework\spring-context\5.1.8.RELEASE\spring-context-5.1.8.RELEASE.jar;D:\mavenRepository\org\springframework\spring-aop\5.1.8.RELEASE\spring-aop-5.1.8.RELEASE.jar;D:\mavenRepository\org\springframework\spring-expression\5.1.8.RELEASE\spring-expression-5.1.8.RELEASE.jar;D:\mav
Launcher Type: SUN_STANDARD

Environment Variables:
JAVA_HOME=C:\Program Files\Java\jdk1.8.0_144\
CLASSPATH=C:\Program Files\Java\jdk1.8.0_144\\bin;C:\Program Files\Java\jdk1.8.0_144\\lib\dt.jar;C:\Program Files\Java\jdk1.8.0_144\\lib\tools.jar
PATH=C:\ProgramData\Oracle\Java\javapath;C:\Program Files (x86)\Intel\iCLS Client\;C:\Program Files\Intel\iCLS Client\;C:\windows\system32;C:\windows;C:\windows\System32\Wbem;C:\windows\System32\WindowsPowerShell\v1.0\;C:\Program Files (x86)\Intel\Intel(R) Management Engine Components\DAL;C:\Program Files\Intel\Intel(R) Management Engine Components\DAL;C:\Program Files (x86)\Intel\Intel(R) Management Engine Components\IPT;C:\Program Files\Intel\Intel(R) Management Engine Components\IPT;C:\Program Files (x86)\NVIDIA Corporation\PhysX\Common;C:\WINDOWS\system32;C:\WINDOWS;C:\WINDOWS\System32\Wbem;C:\WINDOWS\System32\WindowsPowerShell\v1.0\;C:\WINDOWS\System32\OpenSSH\;C:\Program Files\apache-maven-3.6.0\bin;C:\Program Files\Java\jdk1.8.0_144\\bin;%MYSQL_HOME$\bin;C:\Program Files\Intel\WiFi\bin\;C:\Program Files\Common Files\Intel\WirelessCommon\;C:\Program Files (x86)\GtkSharp\2.12\bin;D:\Git\cmd;C:\Program Files\TortoiseGit\bin;D:\ffmpeg-20190808-e317c25-win64-static\bin;C:\Users\¿ÓÀ¨≥¨\AppData\Local\Microsoft\WindowsApps;C:\Program Files\Java\jdk1.8.0_144\\bin;
USERNAME=¿ÓÀ¨≥¨
OS=Windows_NT
PROCESSOR_IDENTIFIER=Intel64 Family 6 Model 158 Stepping 9, GenuineIntel



---------------  S Y S T E M  ---------------

OS: Windows 10.0 , 64 bit Build 18362 (10.0.18362.329)

CPU:total 4 (initial active 4) (4 cores per cpu, 1 threads per core) family 6 model 158 stepping 9, cmov, cx8, fxsr, mmx, sse, sse2, sse3, ssse3, sse4.1, sse4.2, popcnt, avx, avx2, aes, clmul, erms, 3dnowpref, lzcnt, tsc, tscinvbit, bmi1, bmi2, adx

Memory: 4k page, physical 8271080k(1322192k free), swap 21902568k(6948468k free)

vm_info: Java HotSpot(TM) 64-Bit Server VM (25.144-b01) for windows-amd64 JRE (1.8.0_144-b01), built on Jul 21 2017 21:57:33 by "java_re" with MS VC++ 10.0 (VS2010)

time: Fri Dec 13 17:59:12 2019
elapsed time: 46 seconds (0d 0h 0m 46s)

