#
# A fatal error has been detected by the Java Runtime Environment:
#
#  EXCEPTION_ACCESS_VIOLATION (0xc0000005) at pc=0x00000000578df3e7, pid=8620, tid=0x000000000000213c
#
# JRE version: Java(TM) SE Runtime Environment (8.0_144-b01) (build 1.8.0_144-b01)
# Java VM: Java HotSpot(TM) 64-Bit Server VM (25.144-b01 mixed mode windows-amd64 compressed oops)
# Problematic frame:
# V  [jvm.dll+0x13f3e7]
#
# Failed to write core dump. Minidumps are not enabled by default on client versions of Windows
#
# If you would like to submit a bug report, please visit:
#   http://bugreport.java.com/bugreport/crash.jsp
#

---------------  T H R E A D  ---------------

Current thread (0x000000001ecf1800):  JavaThread "com.ss.sdk.job.GetIssueDataJob_Worker-1" [_thread_in_vm, id=8508, stack(0x0000000023e30000,0x0000000023f30000)]

siginfo: ExceptionCode=0xc0000005, reading address 0x0000000000000000

Registers:
RAX=0x0000000000000000, RBX=0x000000001ecf1800, RCX=0x0000000000000180, RDX=0x000000001ee20840
RSP=0x0000000023f2e670, RBP=0x0000000000000000, RSI=0x000000001ee20840, RDI=0x00000000e797f801
R8 =0x0000000000000000, R9 =0x00000000d8881aa0, R10=0x0000000003540fe0, R11=0x00000000579cbc50
R12=0x0000000000000000, R13=0x000000002171ca10, R14=0x0000000023f2e950, R15=0x000000001ecf1800
RIP=0x00000000578df3e7, EFLAGS=0x0000000000010202

Top of Stack: (sp=0x0000000023f2e670)
0x0000000023f2e670:   0000b719cb5de625 0000000023f2e720
0x0000000023f2e680:   00000000e797f808 0000000081cf4808
0x0000000023f2e690:   00000000e797f808 00000001800012ca
0x0000000023f2e6a0:   000000002171ca10 0000000023f2e720
0x0000000023f2e6b0:   0000000081cf4808 000000002171ca10
0x0000000023f2e6c0:   0000000023f2ec08 0000000003540fe0
0x0000000023f2e6d0:   00000000579cbc50 0000000180001173
0x0000000023f2e6e0:   00000000579cbc50 000000018000113a
0x0000000023f2e6f0:   000000002171ca10 00000000e7b66318
0x0000000023f2e700:   00000000d8881aa0 0000000000000000
0x0000000023f2e710:   0000000023f2e740 00000000d8881ab8
0x0000000023f2e720:   00000000e797c7f0 0000000081cf4808
0x0000000023f2e730:   00000000d886ce10 00007ff900000102
0x0000000023f2e740:   0000000023f2e6f0 0000000000000000
0x0000000023f2e750:   0000000000000000 0000000023f2e6e0
0x0000000023f2e760:   0000000000000000 0000000000000000 

Instructions: (pc=0x00000000578df3e7)
0x00000000578df3c7:   00 00 00 30 74 08 48 8b cb e8 bb 38 10 00 c7 83
0x00000000578df3d7:   70 02 00 00 06 00 00 00 40 b7 01 48 85 f6 74 60
0x00000000578df3e7:   48 8b 4d 00 40 32 ff e8 bd 93 f2 ff 48 8b d0 48
0x00000000578df3f7:   85 c0 74 4c 40 38 3d df f0 6c 00 4c 8b 06 74 16 


Register to memory mapping:

RAX=0x0000000000000000 is an unknown value
RBX=0x000000001ecf1800 is a thread
RCX=0x0000000000000180 is an unknown value
RDX=0x000000001ee20840 is an unknown value
RSP=0x0000000023f2e670 is pointing into the stack for thread: 0x000000001ecf1800
RBP=0x0000000000000000 is an unknown value
RSI=0x000000001ee20840 is an unknown value
RDI=0x00000000e797f801 is an unknown value
R8 =0x0000000000000000 is an unknown value
R9 =0x00000000d8881aa0 is an oop
[Ljava.lang.Object; 
 - klass: 'java/lang/Object'[]
 - length: 1
R10=0x0000000003540fe0 is at code_begin+1632 in an Interpreter codelet
method entry point (kind = native)  [0x0000000003540980, 0x00000000035419a0]  4128 bytes
R11=0x00000000579cbc50 is an unknown value
R12=0x0000000000000000 is an unknown value
R13={method} {0x000000002171ca18} 'invokeInt' '(I[Ljava/lang/Object;)I' in 'com/sun/jna/Function'
R14=0x0000000023f2e950 is pointing into the stack for thread: 0x000000001ecf1800
R15=0x000000001ecf1800 is a thread


Stack: [0x0000000023e30000,0x0000000023f30000],  sp=0x0000000023f2e670,  free space=1017k
Native frames: (J=compiled Java code, j=interpreted, Vv=VM code, C=native code)

Java frames: (J=compiled Java code, j=interpreted, Vv=VM code)
j  com.sun.jna.Function.invokeInt(I[Ljava/lang/Object;)I+0
j  com.sun.jna.Function.invoke([Ljava/lang/Object;Ljava/lang/Class;)Ljava/lang/Object;+90
j  com.sun.jna.Function.invoke(Ljava/lang/Class;[Ljava/lang/Object;Ljava/util/Map;)Ljava/lang/Object;+194
j  com.sun.jna.Library$Handler.invoke(Ljava/lang/Object;Ljava/lang/reflect/Method;[Ljava/lang/Object;)Ljava/lang/Object;+344
j  com.sun.proxy.$Proxy59.NET_DVR_StopRemoteConfig(Lcom/sun/jna/NativeLong;)Z+16
j  com.ss.sdk.Client.FaceParamCfg.jBtnSetFaceCfg(Lcom/sun/jna/NativeLong;Lcom/ss/sdk/model/Issue;)V+516
j  com.ss.sdk.job.GetIssueDataJob.execute(Lcom/dangdang/ddframe/job/api/ShardingContext;)V+379
j  com.dangdang.ddframe.job.executor.type.SimpleJobExecutor.process(Lcom/dangdang/ddframe/job/api/ShardingContext;)V+5
j  com.dangdang.ddframe.job.executor.AbstractElasticJobExecutor.process(Lcom/dangdang/ddframe/job/executor/ShardingContexts;ILcom/dangdang/ddframe/job/event/type/JobExecutionEvent;)V+45
j  com.dangdang.ddframe.job.executor.AbstractElasticJobExecutor.process(Lcom/dangdang/ddframe/job/executor/ShardingContexts;Lcom/dangdang/ddframe/job/event/type/JobExecutionEvent$ExecutionSource;)V+73
j  com.dangdang.ddframe.job.executor.AbstractElasticJobExecutor.execute(Lcom/dangdang/ddframe/job/executor/ShardingContexts;Lcom/dangdang/ddframe/job/event/type/JobExecutionEvent$ExecutionSource;)V+92
j  com.dangdang.ddframe.job.executor.AbstractElasticJobExecutor.execute()V+182
j  com.dangdang.ddframe.job.lite.internal.schedule.LiteJob.execute(Lorg/quartz/JobExecutionContext;)V+11
j  org.quartz.core.JobRunShell.run()V+271
j  org.quartz.simpl.SimpleThreadPool$WorkerThread.run()V+62
v  ~StubRoutines::call_stub

---------------  P R O C E S S  ---------------

Java Threads: ( => current thread )
  0x000000001ee6b000 JavaThread "Quartz Shutdown-Hook com.ss.sdk.job.GetIssueDataJob" [_thread_blocked, id=20036, stack(0x00000000254d0000,0x00000000255d0000)]
  0x000000001ee64000 JavaThread "SIGINT handler" daemon [_thread_blocked, id=19924, stack(0x0000000003020000,0x0000000003120000)]
  0x000000001ee5f000 JavaThread "DestroyJavaVM" [_thread_blocked, id=18476, stack(0x0000000003120000,0x0000000003220000)]
  0x000000001ee62000 JavaThread "ReconcileService" [_thread_blocked, id=18788, stack(0x0000000024030000,0x0000000024130000)]
  0x000000001ee61000 JavaThread "com.ss.sdk.job.GetIssueDataJob_QuartzSchedulerThread" [_thread_blocked, id=13320, stack(0x0000000023f30000,0x0000000024030000)]
=>0x000000001ecf1800 JavaThread "com.ss.sdk.job.GetIssueDataJob_Worker-1" [_thread_in_vm, id=8508, stack(0x0000000023e30000,0x0000000023f30000)]
  0x000000001bf53800 JavaThread "mysql-cj-abandoned-connection-cleanup" daemon [_thread_blocked, id=13332, stack(0x000000001fb10000,0x000000001fc10000)]
  0x000000001b92d800 JavaThread "RMI Scheduler(0)" daemon [_thread_blocked, id=4464, stack(0x000000001c980000,0x000000001ca80000)]
  0x000000001a0fb000 JavaThread "RMI TCP Accept-0" daemon [_thread_in_native, id=16156, stack(0x000000001a8b0000,0x000000001a9b0000)]
  0x0000000019e78000 JavaThread "Service Thread" daemon [_thread_blocked, id=15288, stack(0x000000001a7b0000,0x000000001a8b0000)]
  0x0000000019e71000 JavaThread "C1 CompilerThread2" daemon [_thread_blocked, id=12376, stack(0x000000001a6b0000,0x000000001a7b0000)]
  0x0000000019e6a800 JavaThread "C2 CompilerThread1" daemon [_thread_blocked, id=12864, stack(0x000000001a5b0000,0x000000001a6b0000)]
  0x0000000019e1c000 JavaThread "C2 CompilerThread0" daemon [_thread_blocked, id=17860, stack(0x000000001a4b0000,0x000000001a5b0000)]
  0x000000001808d800 JavaThread "JDWP Event Helper Thread" daemon [_thread_blocked, id=12436, stack(0x0000000019ab0000,0x0000000019bb0000)]
  0x0000000018077800 JavaThread "Attach Listener" daemon [_thread_blocked, id=9532, stack(0x00000000198b0000,0x00000000199b0000)]
  0x0000000018064800 JavaThread "Signal Dispatcher" daemon [_thread_blocked, id=10968, stack(0x00000000197b0000,0x00000000198b0000)]
  0x000000000331b800 JavaThread "Finalizer" daemon [_thread_blocked, id=2868, stack(0x00000000192b0000,0x00000000193b0000)]
  0x0000000003316000 JavaThread "Reference Handler" daemon [_thread_blocked, id=4592, stack(0x00000000191b0000,0x00000000192b0000)]

Other Threads:
  0x0000000018017000 VMThread [stack: 0x00000000190b0000,0x00000000191b0000] [id=16524]
  0x000000001a11a800 WatcherThread [stack: 0x000000001a9b0000,0x000000001aab0000] [id=8716]

VM state:not at safepoint (normal execution)

VM Mutex/Monitor currently owned by a thread: None

Heap:
 PSYoungGen      total 274432K, used 84604K [0x00000000d5f00000, 0x00000000e8400000, 0x0000000100000000)
  eden space 257536K, 26% used [0x00000000d5f00000,0x00000000da121340,0x00000000e5a80000)
  from space 16896K, 99% used [0x00000000e7380000,0x00000000e83fdec8,0x00000000e8400000)
  to   space 19456K, 0% used [0x00000000e5e00000,0x00000000e5e00000,0x00000000e7100000)
 ParOldGen       total 80384K, used 23390K [0x0000000081c00000, 0x0000000086a80000, 0x00000000d5f00000)
  object space 80384K, 29% used [0x0000000081c00000,0x00000000832d7890,0x0000000086a80000)
 Metaspace       used 53525K, capacity 55794K, committed 55848K, reserved 1097728K
  class space    used 6979K, capacity 7410K, committed 7464K, reserved 1048576K

Card table byte_map: [0x00000000128e0000,0x0000000012ce0000] byte_map_base: 0x00000000124d2000

Marking Bits: (ParMarkBitMap*) 0x0000000057fbd850
 Begin Bits: [0x0000000013390000, 0x0000000015320000)
 End Bits:   [0x0000000015320000, 0x00000000172b0000)

Polling page: 0x0000000000f80000

CodeCache: size=245760Kb used=12842Kb max_used=12842Kb free=232917Kb
 bounds [0x0000000003520000, 0x00000000041b0000, 0x0000000012520000]
 total_blobs=6607 nmethods=6031 adapters=496
 compilation: enabled

Compilation events (10 events):
Event: 483.825 Thread 0x0000000019e71000 6145       1       org.springframework.beans.factory.support.DefaultSingletonBeanRegistry::getSingletonMutex (5 bytes)
Event: 483.825 Thread 0x0000000019e71000 nmethod 6145 0x0000000003e05450 code [0x0000000003e055a0, 0x0000000003e056b0]
Event: 484.477 Thread 0x0000000019e71000 6147       1       java.util.concurrent.ConcurrentHashMap$KeyIterator::next (34 bytes)
Event: 484.477 Thread 0x0000000019e71000 nmethod 6147 0x0000000003e04f50 code [0x0000000003e050c0, 0x0000000003e052f8]
Event: 484.483 Thread 0x0000000019e71000 6148  s    1       org.apache.catalina.util.LifecycleBase::setStateInternal (144 bytes)
Event: 484.484 Thread 0x0000000019e71000 nmethod 6148 0x0000000003de1690 code [0x0000000003de1860, 0x0000000003de1f68]
Event: 484.484 Thread 0x0000000019e71000 6149       1       java.util.concurrent.locks.AbstractQueuedSynchronizer::hasQueuedPredecessors (40 bytes)
Event: 484.484 Thread 0x0000000019e71000 nmethod 6149 0x0000000003dfb310 code [0x0000000003dfb460, 0x0000000003dfb5d0]
Event: 484.484 Thread 0x0000000019e71000 6150       1       javax.management.ObjectName::getCanonicalKeyPropertyListString (44 bytes)
Event: 484.484 Thread 0x0000000019e71000 nmethod 6150 0x0000000003dfaf10 code [0x0000000003dfb080, 0x0000000003dfb228]

GC Heap History (10 events):
Event: 5.869 GC heap before
{Heap before GC invocations=8 (full 1):
 PSYoungGen      total 124928K, used 124762K [0x00000000d5f00000, 0x00000000dee80000, 0x0000000100000000)
  eden space 119808K, 100% used [0x00000000d5f00000,0x00000000dd400000,0x00000000dd400000)
  from space 5120K, 96% used [0x00000000de980000,0x00000000dee56af0,0x00000000dee80000)
  to   space 8704K, 0% used [0x00000000ddd80000,0x00000000ddd80000,0x00000000de600000)
 ParOldGen       total 49152K, used 6012K [0x0000000081c00000, 0x0000000084c00000, 0x00000000d5f00000)
  object space 49152K, 12% used [0x0000000081c00000,0x00000000821df118,0x0000000084c00000)
 Metaspace       used 28768K, capacity 29768K, committed 29952K, reserved 1075200K
  class space    used 3785K, capacity 4012K, committed 4096K, reserved 1048576K
Event: 5.878 GC heap after
Heap after GC invocations=8 (full 1):
 PSYoungGen      total 138240K, used 8694K [0x00000000d5f00000, 0x00000000e4180000, 0x0000000100000000)
  eden space 129536K, 0% used [0x00000000d5f00000,0x00000000d5f00000,0x00000000ddd80000)
  from space 8704K, 99% used [0x00000000ddd80000,0x00000000de5fd890,0x00000000de600000)
  to   space 10752K, 0% used [0x00000000e3700000,0x00000000e3700000,0x00000000e4180000)
 ParOldGen       total 49152K, used 8260K [0x0000000081c00000, 0x0000000084c00000, 0x00000000d5f00000)
  object space 49152K, 16% used [0x0000000081c00000,0x00000000824110b0,0x0000000084c00000)
 Metaspace       used 28768K, capacity 29768K, committed 29952K, reserved 1075200K
  class space    used 3785K, capacity 4012K, committed 4096K, reserved 1048576K
}
Event: 6.681 GC heap before
{Heap before GC invocations=9 (full 1):
 PSYoungGen      total 138240K, used 97415K [0x00000000d5f00000, 0x00000000e4180000, 0x0000000100000000)
  eden space 129536K, 68% used [0x00000000d5f00000,0x00000000db5a4558,0x00000000ddd80000)
  from space 8704K, 99% used [0x00000000ddd80000,0x00000000de5fd890,0x00000000de600000)
  to   space 10752K, 0% used [0x00000000e3700000,0x00000000e3700000,0x00000000e4180000)
 ParOldGen       total 49152K, used 8260K [0x0000000081c00000, 0x0000000084c00000, 0x00000000d5f00000)
  object space 49152K, 16% used [0x0000000081c00000,0x00000000824110b0,0x0000000084c00000)
 Metaspace       used 33924K, capacity 35460K, committed 35496K, reserved 1079296K
  class space    used 4448K, capacity 4742K, committed 4776K, reserved 1048576K
Event: 6.714 GC heap after
Heap after GC invocations=9 (full 1):
 PSYoungGen      total 218624K, used 10736K [0x00000000d5f00000, 0x00000000e5880000, 0x0000000100000000)
  eden space 207872K, 0% used [0x00000000d5f00000,0x00000000d5f00000,0x00000000e2a00000)
  from space 10752K, 99% used [0x00000000e3700000,0x00000000e417c320,0x00000000e4180000)
  to   space 13312K, 0% used [0x00000000e2a00000,0x00000000e2a00000,0x00000000e3700000)
 ParOldGen       total 49152K, used 10608K [0x0000000081c00000, 0x0000000084c00000, 0x00000000d5f00000)
  object space 49152K, 21% used [0x0000000081c00000,0x000000008265c198,0x0000000084c00000)
 Metaspace       used 33924K, capacity 35460K, committed 35496K, reserved 1079296K
  class space    used 4448K, capacity 4742K, committed 4776K, reserved 1048576K
}
Event: 6.714 GC heap before
{Heap before GC invocations=10 (full 2):
 PSYoungGen      total 218624K, used 10736K [0x00000000d5f00000, 0x00000000e5880000, 0x0000000100000000)
  eden space 207872K, 0% used [0x00000000d5f00000,0x00000000d5f00000,0x00000000e2a00000)
  from space 10752K, 99% used [0x00000000e3700000,0x00000000e417c320,0x00000000e4180000)
  to   space 13312K, 0% used [0x00000000e2a00000,0x00000000e2a00000,0x00000000e3700000)
 ParOldGen       total 49152K, used 10608K [0x0000000081c00000, 0x0000000084c00000, 0x00000000d5f00000)
  object space 49152K, 21% used [0x0000000081c00000,0x000000008265c198,0x0000000084c00000)
 Metaspace       used 33924K, capacity 35460K, committed 35496K, reserved 1079296K
  class space    used 4448K, capacity 4742K, committed 4776K, reserved 1048576K
Event: 6.877 GC heap after
Heap after GC invocations=10 (full 2):
 PSYoungGen      total 218624K, used 0K [0x00000000d5f00000, 0x00000000e5880000, 0x0000000100000000)
  eden space 207872K, 0% used [0x00000000d5f00000,0x00000000d5f00000,0x00000000e2a00000)
  from space 10752K, 0% used [0x00000000e3700000,0x00000000e3700000,0x00000000e4180000)
  to   space 13312K, 0% used [0x00000000e2a00000,0x00000000e2a00000,0x00000000e3700000)
 ParOldGen       total 80384K, used 18139K [0x0000000081c00000, 0x0000000086a80000, 0x00000000d5f00000)
  object space 80384K, 22% used [0x0000000081c00000,0x0000000082db6cf0,0x0000000086a80000)
 Metaspace       used 33924K, capacity 35460K, committed 35496K, reserved 1079296K
  class space    used 4448K, capacity 4742K, committed 4776K, reserved 1048576K
}
Event: 10.728 GC heap before
{Heap before GC invocations=11 (full 2):
 PSYoungGen      total 218624K, used 207872K [0x00000000d5f00000, 0x00000000e5880000, 0x0000000100000000)
  eden space 207872K, 100% used [0x00000000d5f00000,0x00000000e2a00000,0x00000000e2a00000)
  from space 10752K, 0% used [0x00000000e3700000,0x00000000e3700000,0x00000000e4180000)
  to   space 13312K, 0% used [0x00000000e2a00000,0x00000000e2a00000,0x00000000e3700000)
 ParOldGen       total 80384K, used 18139K [0x0000000081c00000, 0x0000000086a80000, 0x00000000d5f00000)
  object space 80384K, 22% used [0x0000000081c00000,0x0000000082db6cf0,0x0000000086a80000)
 Metaspace       used 47053K, capacity 49246K, committed 49320K, reserved 1091584K
  class space    used 6149K, capacity 6540K, committed 6568K, reserved 1048576K
Event: 10.749 GC heap after
Heap after GC invocations=11 (full 2):
 PSYoungGen      total 221184K, used 13284K [0x00000000d5f00000, 0x00000000e8400000, 0x0000000100000000)
  eden space 207872K, 0% used [0x00000000d5f00000,0x00000000d5f00000,0x00000000e2a00000)
  from space 13312K, 99% used [0x00000000e2a00000,0x00000000e36f9188,0x00000000e3700000)
  to   space 16896K, 0% used [0x00000000e7380000,0x00000000e7380000,0x00000000e8400000)
 ParOldGen       total 80384K, used 22748K [0x0000000081c00000, 0x0000000086a80000, 0x00000000d5f00000)
  object space 80384K, 28% used [0x0000000081c00000,0x00000000832372a8,0x0000000086a80000)
 Metaspace       used 47053K, capacity 49246K, committed 49320K, reserved 1091584K
  class space    used 6149K, capacity 6540K, committed 6568K, reserved 1048576K
}
Event: 388.500 GC heap before
{Heap before GC invocations=12 (full 2):
 PSYoungGen      total 221184K, used 221156K [0x00000000d5f00000, 0x00000000e8400000, 0x0000000100000000)
  eden space 207872K, 100% used [0x00000000d5f00000,0x00000000e2a00000,0x00000000e2a00000)
  from space 13312K, 99% used [0x00000000e2a00000,0x00000000e36f9188,0x00000000e3700000)
  to   space 16896K, 0% used [0x00000000e7380000,0x00000000e7380000,0x00000000e8400000)
 ParOldGen       total 80384K, used 22748K [0x0000000081c00000, 0x0000000086a80000, 0x00000000d5f00000)
  object space 80384K, 28% used [0x0000000081c00000,0x00000000832372a8,0x0000000086a80000)
 Metaspace       used 53364K, capacity 55668K, committed 55848K, reserved 1097728K
  class space    used 6957K, capacity 7370K, committed 7464K, reserved 1048576K
Event: 388.604 GC heap after
Heap after GC invocations=12 (full 2):
 PSYoungGen      total 274432K, used 16887K [0x00000000d5f00000, 0x00000000e8400000, 0x0000000100000000)
  eden space 257536K, 0% used [0x00000000d5f00000,0x00000000d5f00000,0x00000000e5a80000)
  from space 16896K, 99% used [0x00000000e7380000,0x00000000e83fdec8,0x00000000e8400000)
  to   space 19456K, 0% used [0x00000000e5e00000,0x00000000e5e00000,0x00000000e7100000)
 ParOldGen       total 80384K, used 23390K [0x0000000081c00000, 0x0000000086a80000, 0x00000000d5f00000)
  object space 80384K, 29% used [0x0000000081c00000,0x00000000832d7890,0x0000000086a80000)
 Metaspace       used 53364K, capacity 55668K, committed 55848K, reserved 1097728K
  class space    used 6957K, capacity 7370K, committed 7464K, reserved 1048576K
}

Deoptimization events (0 events):
No events

Internal exceptions (10 events):
Event: 28.215 Thread 0x000000001ecf1800 Exception <a 'java/lang/ArrayIndexOutOfBoundsException'> (0x00000000db4d0298) thrown at [C:\re\workspace\8-2-build-windows-amd64-cygwin\jdk8u144\9417\hotspot\src\share\vm\runtime\sharedRuntime.cpp, line 605]
Event: 28.215 Thread 0x000000001ecf1800 Exception <a 'java/lang/ArrayIndexOutOfBoundsException'> (0x00000000db4d0de0) thrown at [C:\re\workspace\8-2-build-windows-amd64-cygwin\jdk8u144\9417\hotspot\src\share\vm\runtime\sharedRuntime.cpp, line 605]
Event: 28.215 Thread 0x000000001ecf1800 Exception <a 'java/lang/ArrayIndexOutOfBoundsException'> (0x00000000db4d17b8) thrown at [C:\re\workspace\8-2-build-windows-amd64-cygwin\jdk8u144\9417\hotspot\src\share\vm\runtime\sharedRuntime.cpp, line 605]
Event: 28.215 Thread 0x000000001ecf1800 Exception <a 'java/lang/ArrayIndexOutOfBoundsException'> (0x00000000db4d24e8) thrown at [C:\re\workspace\8-2-build-windows-amd64-cygwin\jdk8u144\9417\hotspot\src\share\vm\runtime\sharedRuntime.cpp, line 605]
Event: 28.215 Thread 0x000000001ecf1800 Exception <a 'java/lang/ArrayIndexOutOfBoundsException'> (0x00000000db4d3ce0) thrown at [C:\re\workspace\8-2-build-windows-amd64-cygwin\jdk8u144\9417\hotspot\src\share\vm\runtime\sharedRuntime.cpp, line 605]
Event: 28.216 Thread 0x000000001ecf1800 Exception <a 'java/lang/ArrayIndexOutOfBoundsException'> (0x00000000db4fb380) thrown at [C:\re\workspace\8-2-build-windows-amd64-cygwin\jdk8u144\9417\hotspot\src\share\vm\runtime\sharedRuntime.cpp, line 605]
Event: 28.216 Thread 0x000000001ecf1800 Exception <a 'java/lang/ArrayIndexOutOfBoundsException'> (0x00000000db4fc410) thrown at [C:\re\workspace\8-2-build-windows-amd64-cygwin\jdk8u144\9417\hotspot\src\share\vm\runtime\sharedRuntime.cpp, line 605]
Event: 209.643 Thread 0x000000001ecea000 Exception <a 'java/lang/NoSuchMethodError': java.lang.Object.lambda$thenComparing$36697e65$1(Ljava/util/Comparator;Ljava/lang/Object;Ljava/lang/Object;)I> (0x00000000de7d0690) thrown at [C:\re\workspace\8-2-build-windows-amd64-cygwin\jdk8u144\9417\hotspot
Event: 483.838 Thread 0x000000001bf51000 Exception <a 'java/lang/InterruptedException': sleep interrupted> (0x00000000d9511ad8) thrown at [C:\re\workspace\8-2-build-windows-amd64-cygwin\jdk8u144\9417\hotspot\src\share\vm\prims\jvm.cpp, line 3228]
Event: 484.483 Thread 0x000000001bde5000 Exception <a 'java/lang/InterruptedException': sleep interrupted> (0x00000000d9fdf4c8) thrown at [C:\re\workspace\8-2-build-windows-amd64-cygwin\jdk8u144\9417\hotspot\src\share\vm\prims\jvm.cpp, line 3228]

Events (10 events):
Event: 484.489 Thread 0x000000001bde4800 DEOPT UNPACKING pc=0x000000000356787f sp=0x000000001d47e8b0 mode 1
Event: 484.489 Thread 0x000000001bde4800 DEOPT PACKING pc=0x0000000004021f5c sp=0x000000001d47ec00
Event: 484.489 Thread 0x000000001bde4800 DEOPT UNPACKING pc=0x000000000356787f sp=0x000000001d47e928 mode 1
Event: 484.489 Thread 0x000000001bde4800 DEOPT PACKING pc=0x0000000003fb2a04 sp=0x000000001d47ec40
Event: 484.489 Thread 0x000000001bde4800 DEOPT UNPACKING pc=0x000000000356787f sp=0x000000001d47e9e0 mode 1
Event: 484.489 Executing VM operation: RevokeBias
Event: 484.489 Executing VM operation: RevokeBias done
Event: 484.489 Thread 0x000000001bdca800 Thread exited: 0x000000001bdca800
Event: 484.490 Thread 0x000000001bde4800 Thread exited: 0x000000001bde4800
Event: 484.519 Thread 0x000000001ecf7800 Thread exited: 0x000000001ecf7800


Dynamic libraries:
0x00007ff7e8fa0000 - 0x00007ff7e8fd7000 	C:\Program Files\Java\jdk1.8.0_144\bin\java.exe
0x00007ff9da8c0000 - 0x00007ff9daab0000 	C:\WINDOWS\SYSTEM32\ntdll.dll
0x00007ff9d9600000 - 0x00007ff9d96b2000 	C:\WINDOWS\System32\KERNEL32.DLL
0x00007ff9d7c20000 - 0x00007ff9d7ec3000 	C:\WINDOWS\System32\KERNELBASE.dll
0x00007ff9da550000 - 0x00007ff9da5f3000 	C:\WINDOWS\System32\ADVAPI32.dll
0x00007ff9d9240000 - 0x00007ff9d92de000 	C:\WINDOWS\System32\msvcrt.dll
0x00007ff9d9490000 - 0x00007ff9d9527000 	C:\WINDOWS\System32\sechost.dll
0x00007ff9da760000 - 0x00007ff9da880000 	C:\WINDOWS\System32\RPCRT4.dll
0x00007ff9d92f0000 - 0x00007ff9d9484000 	C:\WINDOWS\System32\USER32.dll
0x00007ff9d78a0000 - 0x00007ff9d78c1000 	C:\WINDOWS\System32\win32u.dll
0x00007ff9d9f20000 - 0x00007ff9d9f46000 	C:\WINDOWS\System32\GDI32.dll
0x00007ff9d79d0000 - 0x00007ff9d7b64000 	C:\WINDOWS\System32\gdi32full.dll
0x00007ff9d8150000 - 0x00007ff9d81ee000 	C:\WINDOWS\System32\msvcp_win.dll
0x00007ff9d78d0000 - 0x00007ff9d79ca000 	C:\WINDOWS\System32\ucrtbase.dll
0x00007ff9c8510000 - 0x00007ff9c8795000 	C:\WINDOWS\WinSxS\amd64_microsoft.windows.common-controls_6595b64144ccf1df_6.0.18362.476_none_e6c4b11b130f2595\COMCTL32.dll
0x00007ff9d9f60000 - 0x00007ff9da296000 	C:\WINDOWS\System32\combase.dll
0x00007ff9d80d0000 - 0x00007ff9d8150000 	C:\WINDOWS\System32\bcryptPrimitives.dll
0x00007ff9d9db0000 - 0x00007ff9d9dde000 	C:\WINDOWS\System32\IMM32.DLL
0x00000000597e0000 - 0x00000000598b2000 	C:\Program Files\Java\jdk1.8.0_144\jre\bin\msvcr100.dll
0x00000000577a0000 - 0x000000005803d000 	C:\Program Files\Java\jdk1.8.0_144\jre\bin\server\jvm.dll
0x00007ff9d92e0000 - 0x00007ff9d92e8000 	C:\WINDOWS\System32\PSAPI.DLL
0x00007ff9c0d50000 - 0x00007ff9c0d59000 	C:\WINDOWS\SYSTEM32\WSOCK32.dll
0x00007ff9d9de0000 - 0x00007ff9d9e4f000 	C:\WINDOWS\System32\WS2_32.dll
0x00007ff9d53a0000 - 0x00007ff9d53c4000 	C:\WINDOWS\SYSTEM32\WINMM.dll
0x00007ff9cd7e0000 - 0x00007ff9cd7ea000 	C:\WINDOWS\SYSTEM32\VERSION.dll
0x00007ff9d5370000 - 0x00007ff9d539d000 	C:\WINDOWS\SYSTEM32\winmmbase.dll
0x00007ff9d8020000 - 0x00007ff9d806a000 	C:\WINDOWS\System32\cfgmgr32.dll
0x00000000597d0000 - 0x00000000597df000 	C:\Program Files\Java\jdk1.8.0_144\jre\bin\verify.dll
0x00000000597a0000 - 0x00000000597c9000 	C:\Program Files\Java\jdk1.8.0_144\jre\bin\java.dll
0x0000000059020000 - 0x0000000059055000 	C:\Program Files\Java\jdk1.8.0_144\jre\bin\jdwp.dll
0x0000000059720000 - 0x0000000059728000 	C:\Program Files\Java\jdk1.8.0_144\jre\bin\npt.dll
0x0000000058ff0000 - 0x0000000059013000 	C:\Program Files\Java\jdk1.8.0_144\jre\bin\instrument.dll
0x0000000059780000 - 0x0000000059796000 	C:\Program Files\Java\jdk1.8.0_144\jre\bin\zip.dll
0x00007ff9d96c0000 - 0x00007ff9d9da5000 	C:\WINDOWS\System32\SHELL32.dll
0x00007ff9d8fe0000 - 0x00007ff9d9089000 	C:\WINDOWS\System32\shcore.dll
0x00007ff9d81f0000 - 0x00007ff9d896e000 	C:\WINDOWS\System32\windows.storage.dll
0x00007ff9d77c0000 - 0x00007ff9d77df000 	C:\WINDOWS\System32\profapi.dll
0x00007ff9d77e0000 - 0x00007ff9d782a000 	C:\WINDOWS\System32\powrprof.dll
0x00007ff9d7790000 - 0x00007ff9d77a0000 	C:\WINDOWS\System32\UMPDC.dll
0x00007ff9d9eb0000 - 0x00007ff9d9f02000 	C:\WINDOWS\System32\shlwapi.dll
0x00007ff9d7830000 - 0x00007ff9d7841000 	C:\WINDOWS\System32\kernel.appcore.dll
0x00007ff9d7880000 - 0x00007ff9d7897000 	C:\WINDOWS\System32\cryptsp.dll
0x0000000058fe0000 - 0x0000000058fe9000 	C:\Program Files\Java\jdk1.8.0_144\jre\bin\dt_socket.dll
0x00007ff9b9340000 - 0x00007ff9b944d000 	C:\WINDOWS\SysWOW64\ierd_tgp_lsp64.dll
0x00007ff9da600000 - 0x00007ff9da756000 	C:\WINDOWS\System32\ole32.dll
0x00007ff9d6fd0000 - 0x00007ff9d7037000 	C:\WINDOWS\system32\mswsock.dll
0x00007ff9ca920000 - 0x00007ff9ca92a000 	C:\WINDOWS\system32\wshqos.dll
0x00007ff9ca880000 - 0x00007ff9ca888000 	C:\WINDOWS\SYSTEM32\wshtcpip.DLL
0x00007ff9ca870000 - 0x00007ff9ca878000 	C:\WINDOWS\SYSTEM32\wship6.dll
0x00007ff9d6ae0000 - 0x00007ff9d6b13000 	C:\WINDOWS\system32\rsaenh.dll
0x00007ff9d7850000 - 0x00007ff9d7876000 	C:\WINDOWS\System32\bcrypt.dll
0x00007ff9d76b0000 - 0x00007ff9d76d5000 	C:\WINDOWS\SYSTEM32\USERENV.dll
0x00007ff9d71a0000 - 0x00007ff9d71ac000 	C:\WINDOWS\SYSTEM32\CRYPTBASE.dll
0x0000000059760000 - 0x000000005977a000 	C:\Program Files\Java\jdk1.8.0_144\jre\bin\net.dll
0x00007ff9d6c80000 - 0x00007ff9d6cba000 	C:\WINDOWS\SYSTEM32\IPHLPAPI.DLL
0x00007ff9d9f50000 - 0x00007ff9d9f58000 	C:\WINDOWS\System32\NSI.dll
0x00007ff9cc920000 - 0x00007ff9cc936000 	C:\WINDOWS\SYSTEM32\dhcpcsvc6.DLL
0x00007ff9cce20000 - 0x00007ff9cce3c000 	C:\WINDOWS\SYSTEM32\dhcpcsvc.DLL
0x00007ff9d6d20000 - 0x00007ff9d6dea000 	C:\WINDOWS\SYSTEM32\DNSAPI.dll
0x0000000059740000 - 0x0000000059751000 	C:\Program Files\Java\jdk1.8.0_144\jre\bin\nio.dll
0x00007ff9cabc0000 - 0x00007ff9cabca000 	C:\Windows\System32\rasadhlp.dll
0x00007ff9cc360000 - 0x00007ff9cc3d7000 	C:\WINDOWS\System32\fwpuclnt.dll
0x0000000059730000 - 0x000000005973d000 	C:\Program Files\Java\jdk1.8.0_144\jre\bin\management.dll
0x00007ff9bf970000 - 0x00007ff9bf986000 	C:\WINDOWS\system32\napinsp.dll
0x00007ff9bf950000 - 0x00007ff9bf96a000 	C:\WINDOWS\system32\pnrpnsp.dll
0x00007ff9bf940000 - 0x00007ff9bf94e000 	C:\WINDOWS\System32\winrnr.dll
0x00007ff9d3720000 - 0x00007ff9d373c000 	C:\WINDOWS\system32\NLAapi.dll
0x00007ff9d2320000 - 0x00007ff9d2335000 	C:\WINDOWS\system32\wshbth.dll
0x0000000180000000 - 0x0000000180031000 	C:\Users\¿ÓÀ¨≥¨\AppData\Local\Temp\jna5863792369469624675.tmp
0x00007ff9a6470000 - 0x00007ff9a65b6000 	D:\sdk\HCNetSDK.dll
0x000000001d5e0000 - 0x000000001dc39000 	D:\sdk\HCCore.dll
0x0000000058fb0000 - 0x0000000058fd4000 	C:\Program Files\Java\jdk1.8.0_144\jre\bin\sunec.dll
0x0000000023370000 - 0x000000002350f000 	D:\sdk\libeay32.dll
0x0000000058f00000 - 0x0000000058fa3000 	C:\WINDOWS\WinSxS\amd64_microsoft.vc90.crt_1fc8b3b9a1e18e3b_9.0.30729.9619_none_08e065a3a84109b0\MSVCR90.dll
0x0000000023510000 - 0x000000002356d000 	D:\sdk\ssleay32.dll
0x00007ff97f560000 - 0x00007ff97f835000 	D:\sdk\HCNetSDKCom\HCAlarm.dll
0x00000000237d0000 - 0x0000000023b24000 	D:\sdk\HCNetSDKCom\HCCoreDevCfg.dll
0x00007ff97f270000 - 0x00007ff97f551000 	D:\sdk\HCNetSDKCom\HCVoiceTalk.dll
0x00007ff97cf80000 - 0x00007ff97d379000 	D:\sdk\HCNetSDKCom\HCGeneralCfgMgr.dll
0x00007ff982460000 - 0x00007ff98271c000 	D:\sdk\HCNetSDKCom\HCPlayBack.dll
0x00007ff97e710000 - 0x00007ff97ea86000 	D:\sdk\HCNetSDKCom\HCIndustry.dll
0x00007ff97cc60000 - 0x00007ff97cf72000 	D:\sdk\HCNetSDKCom\HCDisplay.dll
0x00007ff97a580000 - 0x00007ff97a883000 	D:\sdk\HCNetSDKCom\HCPreview.dll
0x00007ff9d6040000 - 0x00007ff9d6234000 	C:\WINDOWS\SYSTEM32\dbghelp.dll

VM Arguments:
jvm_args: -agentlib:jdwp=transport=dt_socket,address=127.0.0.1:61068,suspend=y,server=n -XX:TieredStopAtLevel=1 -Xverify:none -Dspring.output.ansi.enabled=always -Dcom.sun.management.jmxremote -Dspring.liveBeansView.mbeanDomain -Dspring.application.admin.enabled=true -javaagent:C:\Users\¿ÓÀ¨≥¨\.IntelliJIdea2018.3\system\captureAgent\debugger-agent.jar -Dfile.encoding=UTF-8 
java_command: com.ss.sdk.SdkApplication
java_class_path (initial): C:\Program Files\Java\jdk1.8.0_144\jre\lib\charsets.jar;C:\Program Files\Java\jdk1.8.0_144\jre\lib\deploy.jar;C:\Program Files\Java\jdk1.8.0_144\jre\lib\ext\access-bridge-64.jar;C:\Program Files\Java\jdk1.8.0_144\jre\lib\ext\cldrdata.jar;C:\Program Files\Java\jdk1.8.0_144\jre\lib\ext\dnsns.jar;C:\Program Files\Java\jdk1.8.0_144\jre\lib\ext\jaccess.jar;C:\Program Files\Java\jdk1.8.0_144\jre\lib\ext\jfxrt.jar;C:\Program Files\Java\jdk1.8.0_144\jre\lib\ext\localedata.jar;C:\Program Files\Java\jdk1.8.0_144\jre\lib\ext\nashorn.jar;C:\Program Files\Java\jdk1.8.0_144\jre\lib\ext\sunec.jar;C:\Program Files\Java\jdk1.8.0_144\jre\lib\ext\sunjce_provider.jar;C:\Program Files\Java\jdk1.8.0_144\jre\lib\ext\sunmscapi.jar;C:\Program Files\Java\jdk1.8.0_144\jre\lib\ext\sunpkcs11.jar;C:\Program Files\Java\jdk1.8.0_144\jre\lib\ext\zipfs.jar;C:\Program Files\Java\jdk1.8.0_144\jre\lib\javaws.jar;C:\Program Files\Java\jdk1.8.0_144\jre\lib\jce.jar;C:\Program Files\Java\jdk1.8.0_144\jre\lib\jfr.jar;C:\Program Files\Java\jdk1.8.0_144\jre\lib\jfxswt.jar;C:\Program Files\Java\jdk1.8.0_144\jre\lib\jsse.jar;C:\Program Files\Java\jdk1.8.0_144\jre\lib\management-agent.jar;C:\Program Files\Java\jdk1.8.0_144\jre\lib\plugin.jar;C:\Program Files\Java\jdk1.8.0_144\jre\lib\resources.jar;C:\Program Files\Java\jdk1.8.0_144\jre\lib\rt.jar;D:\sdk\target\classes;D:\sdk\jna.jar;D:\sdk\examples.jar;D:\mavenRepository\org\springframework\spring-beans\5.1.8.RELEASE\spring-beans-5.1.8.RELEASE.jar;D:\mavenRepository\org\springframework\spring-core\5.1.8.RELEASE\spring-core-5.1.8.RELEASE.jar;D:\mavenRepository\org\springframework\spring-jcl\5.1.8.RELEASE\spring-jcl-5.1.8.RELEASE.jar;D:\mavenRepository\org\springframework\spring-context\5.1.8.RELEASE\spring-context-5.1.8.RELEASE.jar;D:\mavenRepository\org\springframework\spring-aop\5.1.8.RELEASE\spring-aop-5.1.8.RELEASE.jar;D:\mavenRepository\org\springframework\spring-expression\5.1.8.RELEASE\spring-expression-5.1.8.RELEASE.jar;D:\mav
Launcher Type: SUN_STANDARD

Environment Variables:
JAVA_HOME=C:\Program Files\Java\jdk1.8.0_144\
CLASSPATH=C:\Program Files\Java\jdk1.8.0_144\\bin;C:\Program Files\Java\jdk1.8.0_144\\lib\dt.jar;C:\Program Files\Java\jdk1.8.0_144\\lib\tools.jar
PATH=C:\ProgramData\Oracle\Java\javapath;C:\Program Files (x86)\Intel\iCLS Client\;C:\Program Files\Intel\iCLS Client\;C:\windows\system32;C:\windows;C:\windows\System32\Wbem;C:\windows\System32\WindowsPowerShell\v1.0\;C:\Program Files (x86)\Intel\Intel(R) Management Engine Components\DAL;C:\Program Files\Intel\Intel(R) Management Engine Components\DAL;C:\Program Files (x86)\Intel\Intel(R) Management Engine Components\IPT;C:\Program Files\Intel\Intel(R) Management Engine Components\IPT;C:\Program Files (x86)\NVIDIA Corporation\PhysX\Common;C:\WINDOWS\system32;C:\WINDOWS;C:\WINDOWS\System32\Wbem;C:\WINDOWS\System32\WindowsPowerShell\v1.0\;C:\WINDOWS\System32\OpenSSH\;C:\Program Files\apache-maven-3.6.0\bin;C:\Program Files\Java\jdk1.8.0_144\\bin;%MYSQL_HOME$\bin;C:\Program Files\Intel\WiFi\bin\;C:\Program Files\Common Files\Intel\WirelessCommon\;C:\Program Files (x86)\GtkSharp\2.12\bin;D:\Git\cmd;C:\Program Files\TortoiseGit\bin;D:\ffmpeg-20190808-e317c25-win64-static\bin;C:\Users\¿ÓÀ¨≥¨\AppData\Local\Microsoft\WindowsApps;C:\Program Files\Java\jdk1.8.0_144\\bin;
USERNAME=¿ÓÀ¨≥¨
OS=Windows_NT
PROCESSOR_IDENTIFIER=Intel64 Family 6 Model 158 Stepping 9, GenuineIntel



---------------  S Y S T E M  ---------------

OS: Windows 10.0 , 64 bit Build 18362 (10.0.18362.329)

CPU:total 4 (initial active 4) (4 cores per cpu, 1 threads per core) family 6 model 158 stepping 9, cmov, cx8, fxsr, mmx, sse, sse2, sse3, ssse3, sse4.1, sse4.2, popcnt, avx, avx2, aes, clmul, erms, 3dnowpref, lzcnt, tsc, tscinvbit, bmi1, bmi2, adx

Memory: 4k page, physical 8271080k(1349556k free), swap 21902568k(6860668k free)

vm_info: Java HotSpot(TM) 64-Bit Server VM (25.144-b01) for windows-amd64 JRE (1.8.0_144-b01), built on Jul 21 2017 21:57:33 by "java_re" with MS VC++ 10.0 (VS2010)

time: Fri Dec 13 17:57:08 2019
elapsed time: 485 seconds (0d 0h 8m 5s)

